{"C:\\Users\\aN\\Desktop\\AssigAnurag\\Backend\\src\\app.js": {"path":"C:\\Users\\aN\\Desktop\\AssigAnurag\\Backend\\src\\app.js","statementMap":{"0":{"start":{"line":10,"column":11},"end":{"line":10,"column":21}},"1":{"start":{"line":13,"column":0},"end":{"line":13,"column":null}},"2":{"start":{"line":14,"column":0},"end":{"line":14,"column":null}},"3":{"start":{"line":15,"column":0},"end":{"line":15,"column":null}},"4":{"start":{"line":16,"column":0},"end":{"line":16,"column":null}},"5":{"start":{"line":19,"column":0},"end":{"line":19,"column":null}},"6":{"start":{"line":22,"column":0},"end":{"line":22,"column":null}},"7":{"start":{"line":24,"column":0},"end":{"line":26,"column":null}},"8":{"start":{"line":25,"column":2},"end":{"line":25,"column":null}},"9":{"start":{"line":29,"column":0},"end":{"line":29,"column":null}},"10":{"start":{"line":30,"column":0},"end":{"line":30,"column":null}}},"fnMap":{"0":{"name":"(anonymous_0)","decl":{"start":{"line":24,"column":13},"end":{"line":24,"column":14}},"loc":{"start":{"line":24,"column":27},"end":{"line":26,"column":1}},"line":24}},"branchMap":{},"s":{"0":1,"1":1,"2":1,"3":1,"4":1,"5":1,"6":1,"7":1,"8":0,"9":1,"10":1},"f":{"0":0},"b":{},"meta":{"lastBranch":0,"lastFunction":1,"lastStatement":11,"seen":{"s:10:11:10:21":0,"s:13:0:13:Infinity":1,"s:14:0:14:Infinity":2,"s:15:0:15:Infinity":3,"s:16:0:16:Infinity":4,"s:19:0:19:Infinity":5,"s:22:0:22:Infinity":6,"s:24:0:26:Infinity":7,"f:24:13:24:14":0,"s:25:2:25:Infinity":8,"s:29:0:29:Infinity":9,"s:30:0:30:Infinity":10}}}
,"C:\\Users\\aN\\Desktop\\AssigAnurag\\Backend\\src\\config\\permissions.config.js": {"path":"C:\\Users\\aN\\Desktop\\AssigAnurag\\Backend\\src\\config\\permissions.config.js","statementMap":{"0":{"start":{"line":6,"column":27},"end":{"line":24,"column":1}},"1":{"start":{"line":29,"column":32},"end":{"line":49,"column":1}}},"fnMap":{},"branchMap":{},"s":{"0":1,"1":1},"f":{},"b":{},"meta":{"lastBranch":0,"lastFunction":0,"lastStatement":2,"seen":{"s:6:27:24:1":0,"s:29:32:49:1":1}}}
,"C:\\Users\\aN\\Desktop\\AssigAnurag\\Backend\\src\\dto\\dashboard.dto.js": {"path":"C:\\Users\\aN\\Desktop\\AssigAnurag\\Backend\\src\\dto\\dashboard.dto.js","statementMap":{"0":{"start":{"line":8,"column":42},"end":{"line":18,"column":1}},"1":{"start":{"line":9,"column":2},"end":{"line":9,"column":null}},"2":{"start":{"line":9,"column":16},"end":{"line":9,"column":null}},"3":{"start":{"line":11,"column":2},"end":{"line":17,"column":null}}},"fnMap":{"0":{"name":"(anonymous_0)","decl":{"start":{"line":8,"column":42},"end":{"line":8,"column":43}},"loc":{"start":{"line":8,"column":55},"end":{"line":18,"column":1}},"line":8}},"branchMap":{"0":{"loc":{"start":{"line":9,"column":2},"end":{"line":9,"column":null}},"type":"if","locations":[{"start":{"line":9,"column":2},"end":{"line":9,"column":null}},{"start":{},"end":{}}],"line":9}},"s":{"0":2,"1":5,"2":0,"3":5},"f":{"0":5},"b":{"0":[0,5]},"meta":{"lastBranch":1,"lastFunction":1,"lastStatement":4,"seen":{"s:8:42:18:1":0,"f:8:42:8:43":0,"b:9:2:9:Infinity:undefined:undefined:undefined:undefined":0,"s:9:2:9:Infinity":1,"s:9:16:9:Infinity":2,"s:11:2:17:Infinity":3}}}
,"C:\\Users\\aN\\Desktop\\AssigAnurag\\Backend\\src\\dto\\finance.dto.js": {"path":"C:\\Users\\aN\\Desktop\\AssigAnurag\\Backend\\src\\dto\\finance.dto.js","statementMap":{"0":{"start":{"line":6,"column":39},"end":{"line":20,"column":1}},"1":{"start":{"line":7,"column":2},"end":{"line":7,"column":null}},"2":{"start":{"line":7,"column":15},"end":{"line":7,"column":null}},"3":{"start":{"line":9,"column":2},"end":{"line":19,"column":null}},"4":{"start":{"line":22,"column":35},"end":{"line":27,"column":1}},"5":{"start":{"line":23,"column":2},"end":{"line":26,"column":null}}},"fnMap":{"0":{"name":"(anonymous_0)","decl":{"start":{"line":6,"column":39},"end":{"line":6,"column":40}},"loc":{"start":{"line":6,"column":51},"end":{"line":20,"column":1}},"line":6},"1":{"name":"(anonymous_1)","decl":{"start":{"line":22,"column":35},"end":{"line":22,"column":36}},"loc":{"start":{"line":22,"column":60},"end":{"line":27,"column":1}},"line":22}},"branchMap":{"0":{"loc":{"start":{"line":7,"column":2},"end":{"line":7,"column":null}},"type":"if","locations":[{"start":{"line":7,"column":2},"end":{"line":7,"column":null}},{"start":{},"end":{}}],"line":7},"1":{"loc":{"start":{"line":25,"column":16},"end":{"line":25,"column":34}},"type":"binary-expr","locations":[{"start":{"line":25,"column":16},"end":{"line":25,"column":26}},{"start":{"line":25,"column":30},"end":{"line":25,"column":34}}],"line":25}},"s":{"0":3,"1":26,"2":0,"3":26,"4":3,"5":2},"f":{"0":26,"1":2},"b":{"0":[0,26],"1":[2,0]},"meta":{"lastBranch":2,"lastFunction":2,"lastStatement":6,"seen":{"s:6:39:20:1":0,"f:6:39:6:40":0,"b:7:2:7:Infinity:undefined:undefined:undefined:undefined":0,"s:7:2:7:Infinity":1,"s:7:15:7:Infinity":2,"s:9:2:19:Infinity":3,"s:22:35:27:1":4,"f:22:35:22:36":1,"s:23:2:26:Infinity":5,"b:25:16:25:26:25:30:25:34":1}}}
,"C:\\Users\\aN\\Desktop\\AssigAnurag\\Backend\\src\\dto\\user.dto.js": {"path":"C:\\Users\\aN\\Desktop\\AssigAnurag\\Backend\\src\\dto\\user.dto.js","statementMap":{"0":{"start":{"line":6,"column":30},"end":{"line":18,"column":1}},"1":{"start":{"line":7,"column":2},"end":{"line":7,"column":null}},"2":{"start":{"line":7,"column":13},"end":{"line":7,"column":null}},"3":{"start":{"line":9,"column":2},"end":{"line":17,"column":null}},"4":{"start":{"line":20,"column":26},"end":{"line":22,"column":1}},"5":{"start":{"line":21,"column":2},"end":{"line":21,"column":null}}},"fnMap":{"0":{"name":"(anonymous_0)","decl":{"start":{"line":6,"column":30},"end":{"line":6,"column":31}},"loc":{"start":{"line":6,"column":40},"end":{"line":18,"column":1}},"line":6},"1":{"name":"(anonymous_1)","decl":{"start":{"line":20,"column":26},"end":{"line":20,"column":27}},"loc":{"start":{"line":20,"column":37},"end":{"line":22,"column":1}},"line":20}},"branchMap":{"0":{"loc":{"start":{"line":7,"column":2},"end":{"line":7,"column":null}},"type":"if","locations":[{"start":{"line":7,"column":2},"end":{"line":7,"column":null}},{"start":{},"end":{}}],"line":7}},"s":{"0":4,"1":9,"2":0,"3":9,"4":4,"5":3},"f":{"0":9,"1":3},"b":{"0":[0,9]},"meta":{"lastBranch":1,"lastFunction":2,"lastStatement":6,"seen":{"s:6:30:18:1":0,"f:6:30:6:31":0,"b:7:2:7:Infinity:undefined:undefined:undefined:undefined":0,"s:7:2:7:Infinity":1,"s:7:13:7:Infinity":2,"s:9:2:17:Infinity":3,"s:20:26:22:1":4,"f:20:26:20:27":1,"s:21:2:21:Infinity":5}}}
,"C:\\Users\\aN\\Desktop\\AssigAnurag\\Backend\\src\\error-handlers\\global.error-handler.js": {"path":"C:\\Users\\aN\\Desktop\\AssigAnurag\\Backend\\src\\error-handlers\\global.error-handler.js","statementMap":{"0":{"start":{"line":4,"column":2},"end":{"line":11,"column":null}},"1":{"start":{"line":12,"column":17},"end":{"line":12,"column":null}},"2":{"start":{"line":13,"column":18},"end":{"line":13,"column":null}},"3":{"start":{"line":14,"column":8},"end":{"line":14,"column":null}},"4":{"start":{"line":17,"column":2},"end":{"line":33,"column":null}},"5":{"start":{"line":19,"column":24},"end":{"line":19,"column":null}},"6":{"start":{"line":21,"column":4},"end":{"line":25,"column":null}},"7":{"start":{"line":28,"column":4},"end":{"line":33,"column":null}}},"fnMap":{"0":{"name":"globalErrorHandler","decl":{"start":{"line":2,"column":16},"end":{"line":2,"column":35}},"loc":{"start":{"line":2,"column":56},"end":{"line":33,"column":null}},"line":2}},"branchMap":{"0":{"loc":{"start":{"line":12,"column":17},"end":{"line":12,"column":null}},"type":"binary-expr","locations":[{"start":{"line":12,"column":17},"end":{"line":12,"column":31}},{"start":{"line":12,"column":31},"end":{"line":12,"column":null}}],"line":12},"1":{"loc":{"start":{"line":13,"column":18},"end":{"line":13,"column":null}},"type":"binary-expr","locations":[{"start":{"line":13,"column":18},"end":{"line":13,"column":33}},{"start":{"line":13,"column":33},"end":{"line":13,"column":null}}],"line":13},"2":{"loc":{"start":{"line":17,"column":2},"end":{"line":33,"column":null}},"type":"if","locations":[{"start":{"line":17,"column":2},"end":{"line":33,"column":null}},{"start":{"line":26,"column":9},"end":{"line":33,"column":null}}],"line":17},"3":{"loc":{"start":{"line":19,"column":24},"end":{"line":19,"column":null}},"type":"cond-expr","locations":[{"start":{"line":19,"column":41},"end":{"line":19,"column":67}},{"start":{"line":19,"column":67},"end":{"line":19,"column":null}}],"line":19}},"s":{"0":1,"1":1,"2":1,"3":1,"4":1,"5":0,"6":0,"7":1},"f":{"0":1},"b":{"0":[1,0],"1":[1,0],"2":[0,1],"3":[0,0]},"meta":{"lastBranch":4,"lastFunction":1,"lastStatement":8,"seen":{"f:2:16:2:35":0,"s:4:2:11:Infinity":0,"s:12:17:12:Infinity":1,"b:12:17:12:31:12:31:12:Infinity":0,"s:13:18:13:Infinity":2,"b:13:18:13:33:13:33:13:Infinity":1,"s:14:8:14:Infinity":3,"b:17:2:33:Infinity:26:9:33:Infinity":2,"s:17:2:33:Infinity":4,"s:19:24:19:Infinity":5,"b:19:41:19:67:19:67:19:Infinity":3,"s:21:4:25:Infinity":6,"s:28:4:33:Infinity":7}}}
,"C:\\Users\\aN\\Desktop\\AssigAnurag\\Backend\\src\\error-handlers\\jwt.error-handler.js": {"path":"C:\\Users\\aN\\Desktop\\AssigAnurag\\Backend\\src\\error-handlers\\jwt.error-handler.js","statementMap":{"0":{"start":{"line":3,"column":2},"end":{"line":5,"column":3}},"1":{"start":{"line":4,"column":4},"end":{"line":4,"column":64}},"2":{"start":{"line":7,"column":2},"end":{"line":9,"column":3}},"3":{"start":{"line":8,"column":4},"end":{"line":8,"column":60}},"4":{"start":{"line":11,"column":2},"end":{"line":13,"column":3}},"5":{"start":{"line":12,"column":4},"end":{"line":12,"column":67}},"6":{"start":{"line":14,"column":2},"end":{"line":14,"column":12}}},"fnMap":{"0":{"name":"jwtErrorHandler","decl":{"start":{"line":2,"column":16},"end":{"line":2,"column":31}},"loc":{"start":{"line":2,"column":53},"end":{"line":15,"column":1}},"line":2}},"branchMap":{"0":{"loc":{"start":{"line":3,"column":2},"end":{"line":5,"column":3}},"type":"if","locations":[{"start":{"line":3,"column":2},"end":{"line":5,"column":3}},{"start":{},"end":{}}],"line":3},"1":{"loc":{"start":{"line":7,"column":2},"end":{"line":9,"column":3}},"type":"if","locations":[{"start":{"line":7,"column":2},"end":{"line":9,"column":3}},{"start":{},"end":{}}],"line":7},"2":{"loc":{"start":{"line":11,"column":2},"end":{"line":13,"column":3}},"type":"if","locations":[{"start":{"line":11,"column":2},"end":{"line":13,"column":3}},{"start":{},"end":{}}],"line":11}},"s":{"0":1,"1":0,"2":1,"3":0,"4":1,"5":0,"6":1},"f":{"0":1},"b":{"0":[0,1],"1":[0,1],"2":[0,1]},"meta":{"lastBranch":3,"lastFunction":1,"lastStatement":7,"seen":{"f:2:16:2:31":0,"b:3:2:5:3:undefined:undefined:undefined:undefined":0,"s:3:2:5:3":0,"s:4:4:4:64":1,"b:7:2:9:3:undefined:undefined:undefined:undefined":1,"s:7:2:9:3":2,"s:8:4:8:60":3,"b:11:2:13:3:undefined:undefined:undefined:undefined":2,"s:11:2:13:3":4,"s:12:4:12:67":5,"s:14:2:14:12":6}}}
,"C:\\Users\\aN\\Desktop\\AssigAnurag\\Backend\\src\\error-handlers\\non-existing-route.error-handler.js": {"path":"C:\\Users\\aN\\Desktop\\AssigAnurag\\Backend\\src\\error-handlers\\non-existing-route.error-handler.js","statementMap":{"0":{"start":{"line":5,"column":16},"end":{"line":7,"column":3}},"1":{"start":{"line":8,"column":2},"end":{"line":8,"column":14}}},"fnMap":{"0":{"name":"nonExistingRoutesErrorHandler","decl":{"start":{"line":4,"column":16},"end":{"line":4,"column":45}},"loc":{"start":{"line":4,"column":62},"end":{"line":9,"column":1}},"line":4}},"branchMap":{},"s":{"0":0,"1":0},"f":{"0":0},"b":{},"meta":{"lastBranch":0,"lastFunction":1,"lastStatement":2,"seen":{"f:4:16:4:45":0,"s:5:16:7:3":0,"s:8:2:8:14":1}}}
,"C:\\Users\\aN\\Desktop\\AssigAnurag\\Backend\\src\\middlewares\\auth.middleware.js": {"path":"C:\\Users\\aN\\Desktop\\AssigAnurag\\Backend\\src\\middlewares\\auth.middleware.js","statementMap":{"0":{"start":{"line":4,"column":30},"end":{"line":28,"column":1}},"1":{"start":{"line":5,"column":2},"end":{"line":27,"column":null}},"2":{"start":{"line":6,"column":23},"end":{"line":6,"column":48}},"3":{"start":{"line":7,"column":4},"end":{"line":9,"column":null}},"4":{"start":{"line":8,"column":6},"end":{"line":8,"column":null}},"5":{"start":{"line":11,"column":18},"end":{"line":11,"column":42}},"6":{"start":{"line":12,"column":19},"end":{"line":12,"column":44}},"7":{"start":{"line":14,"column":4},"end":{"line":16,"column":null}},"8":{"start":{"line":15,"column":6},"end":{"line":15,"column":null}},"9":{"start":{"line":18,"column":26},"end":{"line":18,"column":69}},"10":{"start":{"line":19,"column":4},"end":{"line":21,"column":null}},"11":{"start":{"line":20,"column":6},"end":{"line":20,"column":null}},"12":{"start":{"line":23,"column":4},"end":{"line":23,"column":23}},"13":{"start":{"line":24,"column":4},"end":{"line":24,"column":null}},"14":{"start":{"line":26,"column":4},"end":{"line":26,"column":null}}},"fnMap":{"0":{"name":"(anonymous_0)","decl":{"start":{"line":4,"column":30},"end":{"line":4,"column":35}},"loc":{"start":{"line":4,"column":56},"end":{"line":28,"column":1}},"line":4}},"branchMap":{"0":{"loc":{"start":{"line":7,"column":4},"end":{"line":9,"column":null}},"type":"if","locations":[{"start":{"line":7,"column":4},"end":{"line":9,"column":null}},{"start":{},"end":{}}],"line":7},"1":{"loc":{"start":{"line":7,"column":8},"end":{"line":7,"column":56}},"type":"binary-expr","locations":[{"start":{"line":7,"column":8},"end":{"line":7,"column":19}},{"start":{"line":7,"column":23},"end":{"line":7,"column":56}}],"line":7},"2":{"loc":{"start":{"line":14,"column":4},"end":{"line":16,"column":null}},"type":"if","locations":[{"start":{"line":14,"column":4},"end":{"line":16,"column":null}},{"start":{},"end":{}}],"line":14},"3":{"loc":{"start":{"line":19,"column":4},"end":{"line":21,"column":null}},"type":"if","locations":[{"start":{"line":19,"column":4},"end":{"line":21,"column":null}},{"start":{},"end":{}}],"line":19}},"s":{"0":2,"1":4,"2":4,"3":4,"4":1,"5":3,"6":3,"7":3,"8":1,"9":2,"10":2,"11":1,"12":1,"13":1,"14":3},"f":{"0":4},"b":{"0":[1,3],"1":[4,3],"2":[1,2],"3":[1,1]},"meta":{"lastBranch":4,"lastFunction":1,"lastStatement":15,"seen":{"s:4:30:28:1":0,"f:4:30:4:35":0,"s:5:2:27:Infinity":1,"s:6:23:6:48":2,"b:7:4:9:Infinity:undefined:undefined:undefined:undefined":0,"s:7:4:9:Infinity":3,"b:7:8:7:19:7:23:7:56":1,"s:8:6:8:Infinity":4,"s:11:18:11:42":5,"s:12:19:12:44":6,"b:14:4:16:Infinity:undefined:undefined:undefined:undefined":2,"s:14:4:16:Infinity":7,"s:15:6:15:Infinity":8,"s:18:26:18:69":9,"b:19:4:21:Infinity:undefined:undefined:undefined:undefined":3,"s:19:4:21:Infinity":10,"s:20:6:20:Infinity":11,"s:23:4:23:23":12,"s:24:4:24:Infinity":13,"s:26:4:26:Infinity":14}}}
,"C:\\Users\\aN\\Desktop\\AssigAnurag\\Backend\\src\\middlewares\\rate-limit.middleware.js": {"path":"C:\\Users\\aN\\Desktop\\AssigAnurag\\Backend\\src\\middlewares\\rate-limit.middleware.js","statementMap":{"0":{"start":{"line":3,"column":34},"end":{"line":12,"column":2}}},"fnMap":{},"branchMap":{},"s":{"0":1},"f":{},"b":{},"meta":{"lastBranch":0,"lastFunction":0,"lastStatement":1,"seen":{"s:3:34:12:2":0}}}
,"C:\\Users\\aN\\Desktop\\AssigAnurag\\Backend\\src\\middlewares\\role.middleware.js": {"path":"C:\\Users\\aN\\Desktop\\AssigAnurag\\Backend\\src\\middlewares\\role.middleware.js","statementMap":{"0":{"start":{"line":8,"column":31},"end":{"line":33,"column":1}},"1":{"start":{"line":9,"column":2},"end":{"line":32,"column":null}},"2":{"start":{"line":10,"column":4},"end":{"line":31,"column":null}},"3":{"start":{"line":11,"column":23},"end":{"line":11,"column":37}},"4":{"start":{"line":13,"column":6},"end":{"line":15,"column":null}},"5":{"start":{"line":14,"column":8},"end":{"line":14,"column":null}},"6":{"start":{"line":17,"column":30},"end":{"line":17,"column":56}},"7":{"start":{"line":20,"column":6},"end":{"line":22,"column":null}},"8":{"start":{"line":21,"column":8},"end":{"line":21,"column":null}},"9":{"start":{"line":24,"column":6},"end":{"line":26,"column":null}},"10":{"start":{"line":25,"column":8},"end":{"line":25,"column":null}},"11":{"start":{"line":28,"column":6},"end":{"line":28,"column":null}},"12":{"start":{"line":30,"column":6},"end":{"line":30,"column":null}}},"fnMap":{"0":{"name":"(anonymous_0)","decl":{"start":{"line":8,"column":31},"end":{"line":8,"column":32}},"loc":{"start":{"line":8,"column":55},"end":{"line":33,"column":1}},"line":8},"1":{"name":"(anonymous_1)","decl":{"start":{"line":9,"column":9},"end":{"line":9,"column":10}},"loc":{"start":{"line":9,"column":29},"end":{"line":32,"column":3}},"line":9}},"branchMap":{"0":{"loc":{"start":{"line":13,"column":6},"end":{"line":15,"column":null}},"type":"if","locations":[{"start":{"line":13,"column":6},"end":{"line":15,"column":null}},{"start":{},"end":{}}],"line":13},"1":{"loc":{"start":{"line":13,"column":10},"end":{"line":13,"column":50}},"type":"binary-expr","locations":[{"start":{"line":13,"column":10},"end":{"line":13,"column":19}},{"start":{"line":13,"column":23},"end":{"line":13,"column":50}}],"line":13},"2":{"loc":{"start":{"line":20,"column":6},"end":{"line":22,"column":null}},"type":"if","locations":[{"start":{"line":20,"column":6},"end":{"line":22,"column":null}},{"start":{},"end":{}}],"line":20},"3":{"loc":{"start":{"line":24,"column":6},"end":{"line":26,"column":null}},"type":"if","locations":[{"start":{"line":24,"column":6},"end":{"line":26,"column":null}},{"start":{},"end":{}}],"line":24}},"s":{"0":1,"1":14,"2":0,"3":0,"4":0,"5":0,"6":0,"7":0,"8":0,"9":0,"10":0,"11":0,"12":0},"f":{"0":14,"1":0},"b":{"0":[0,0],"1":[0,0],"2":[0,0],"3":[0,0]},"meta":{"lastBranch":4,"lastFunction":2,"lastStatement":13,"seen":{"s:8:31:33:1":0,"f:8:31:8:32":0,"s:9:2:32:Infinity":1,"f:9:9:9:10":1,"s:10:4:31:Infinity":2,"s:11:23:11:37":3,"b:13:6:15:Infinity:undefined:undefined:undefined:undefined":0,"s:13:6:15:Infinity":4,"b:13:10:13:19:13:23:13:50":1,"s:14:8:14:Infinity":5,"s:17:30:17:56":6,"b:20:6:22:Infinity:undefined:undefined:undefined:undefined":2,"s:20:6:22:Infinity":7,"s:21:8:21:Infinity":8,"b:24:6:26:Infinity:undefined:undefined:undefined:undefined":3,"s:24:6:26:Infinity":9,"s:25:8:25:Infinity":10,"s:28:6:28:Infinity":11,"s:30:6:30:Infinity":12}}}
,"C:\\Users\\aN\\Desktop\\AssigAnurag\\Backend\\src\\middlewares\\validate.middleware.js": {"path":"C:\\Users\\aN\\Desktop\\AssigAnurag\\Backend\\src\\middlewares\\validate.middleware.js","statementMap":{"0":{"start":{"line":1,"column":24},"end":{"line":21,"column":1}},"1":{"start":{"line":1,"column":36},"end":{"line":21,"column":1}},"2":{"start":{"line":2,"column":2},"end":{"line":20,"column":null}},"3":{"start":{"line":3,"column":22},"end":{"line":7,"column":6}},"4":{"start":{"line":11,"column":4},"end":{"line":11,"column":null}},"5":{"start":{"line":11,"column":24},"end":{"line":11,"column":null}},"6":{"start":{"line":12,"column":4},"end":{"line":12,"column":null}},"7":{"start":{"line":12,"column":25},"end":{"line":12,"column":null}},"8":{"start":{"line":13,"column":4},"end":{"line":13,"column":null}},"9":{"start":{"line":13,"column":26},"end":{"line":13,"column":null}},"10":{"start":{"line":15,"column":4},"end":{"line":15,"column":null}},"11":{"start":{"line":18,"column":4},"end":{"line":18,"column":null}},"12":{"start":{"line":19,"column":4},"end":{"line":19,"column":null}}},"fnMap":{"0":{"name":"(anonymous_0)","decl":{"start":{"line":1,"column":24},"end":{"line":1,"column":25}},"loc":{"start":{"line":1,"column":36},"end":{"line":21,"column":1}},"line":1},"1":{"name":"(anonymous_1)","decl":{"start":{"line":1,"column":36},"end":{"line":1,"column":37}},"loc":{"start":{"line":1,"column":56},"end":{"line":21,"column":1}},"line":1}},"branchMap":{"0":{"loc":{"start":{"line":11,"column":4},"end":{"line":11,"column":null}},"type":"if","locations":[{"start":{"line":11,"column":4},"end":{"line":11,"column":null}},{"start":{},"end":{}}],"line":11},"1":{"loc":{"start":{"line":12,"column":4},"end":{"line":12,"column":null}},"type":"if","locations":[{"start":{"line":12,"column":4},"end":{"line":12,"column":null}},{"start":{},"end":{}}],"line":12},"2":{"loc":{"start":{"line":13,"column":4},"end":{"line":13,"column":null}},"type":"if","locations":[{"start":{"line":13,"column":4},"end":{"line":13,"column":null}},{"start":{},"end":{}}],"line":13}},"s":{"0":1,"1":10,"2":3,"3":3,"4":3,"5":2,"6":2,"7":0,"8":2,"9":2,"10":2,"11":1,"12":1},"f":{"0":10,"1":3},"b":{"0":[2,1],"1":[0,2],"2":[0,2]},"meta":{"lastBranch":3,"lastFunction":2,"lastStatement":13,"seen":{"s:1:24:21:1":0,"f:1:24:1:25":0,"s:1:36:21:1":1,"f:1:36:1:37":1,"s:2:2:20:Infinity":2,"s:3:22:7:6":3,"b:11:4:11:Infinity:undefined:undefined:undefined:undefined":0,"s:11:4:11:Infinity":4,"s:11:24:11:Infinity":5,"b:12:4:12:Infinity:undefined:undefined:undefined:undefined":1,"s:12:4:12:Infinity":6,"s:12:25:12:Infinity":7,"b:13:4:13:Infinity:undefined:undefined:undefined:undefined":2,"s:13:4:13:Infinity":8,"s:13:26:13:Infinity":9,"s:15:4:15:Infinity":10,"s:18:4:18:Infinity":11,"s:19:4:19:Infinity":12}}}
,"C:\\Users\\aN\\Desktop\\AssigAnurag\\Backend\\src\\modules\\app\\index.js": {"path":"C:\\Users\\aN\\Desktop\\AssigAnurag\\Backend\\src\\modules\\app\\index.js","statementMap":{"0":{"start":{"line":11,"column":17},"end":{"line":11,"column":26}},"1":{"start":{"line":13,"column":0},"end":{"line":13,"column":null}},"2":{"start":{"line":14,"column":0},"end":{"line":14,"column":null}},"3":{"start":{"line":15,"column":0},"end":{"line":15,"column":null}},"4":{"start":{"line":16,"column":0},"end":{"line":16,"column":null}},"5":{"start":{"line":17,"column":0},"end":{"line":17,"column":null}},"6":{"start":{"line":18,"column":0},"end":{"line":18,"column":null}},"7":{"start":{"line":19,"column":0},"end":{"line":19,"column":null}},"8":{"start":{"line":20,"column":0},"end":{"line":20,"column":null}}},"fnMap":{},"branchMap":{},"s":{"0":1,"1":1,"2":1,"3":1,"4":1,"5":1,"6":1,"7":1,"8":1},"f":{},"b":{},"meta":{"lastBranch":0,"lastFunction":0,"lastStatement":9,"seen":{"s:11:17:11:26":0,"s:13:0:13:Infinity":1,"s:14:0:14:Infinity":2,"s:15:0:15:Infinity":3,"s:16:0:16:Infinity":4,"s:17:0:17:Infinity":5,"s:18:0:18:Infinity":6,"s:19:0:19:Infinity":7,"s:20:0:20:Infinity":8}}}
,"C:\\Users\\aN\\Desktop\\AssigAnurag\\Backend\\src\\modules\\audit\\audit.controller.js": {"path":"C:\\Users\\aN\\Desktop\\AssigAnurag\\Backend\\src\\modules\\audit\\audit.controller.js","statementMap":{"0":{"start":{"line":7,"column":27},"end":{"line":13,"column":2}},"1":{"start":{"line":8,"column":15},"end":{"line":8,"column":52}},"2":{"start":{"line":9,"column":2},"end":{"line":12,"column":null}}},"fnMap":{"0":{"name":"(anonymous_0)","decl":{"start":{"line":7,"column":41},"end":{"line":7,"column":46}},"loc":{"start":{"line":7,"column":61},"end":{"line":13,"column":1}},"line":7}},"branchMap":{},"s":{"0":1,"1":0,"2":0},"f":{"0":0},"b":{},"meta":{"lastBranch":0,"lastFunction":1,"lastStatement":3,"seen":{"s:7:27:13:2":0,"f:7:41:7:46":0,"s:8:15:8:52":1,"s:9:2:12:Infinity":2}}}
,"C:\\Users\\aN\\Desktop\\AssigAnurag\\Backend\\src\\modules\\audit\\audit.routes.js": {"path":"C:\\Users\\aN\\Desktop\\AssigAnurag\\Backend\\src\\modules\\audit\\audit.routes.js","statementMap":{"0":{"start":{"line":7,"column":19},"end":{"line":7,"column":28}},"1":{"start":{"line":10,"column":0},"end":{"line":15,"column":null}}},"fnMap":{},"branchMap":{},"s":{"0":1,"1":1},"f":{},"b":{},"meta":{"lastBranch":0,"lastFunction":0,"lastStatement":2,"seen":{"s:7:19:7:28":0,"s:10:0:15:Infinity":1}}}
,"C:\\Users\\aN\\Desktop\\AssigAnurag\\Backend\\src\\modules\\audit\\audit.service.js": {"path":"C:\\Users\\aN\\Desktop\\AssigAnurag\\Backend\\src\\modules\\audit\\audit.service.js","statementMap":{"0":{"start":{"line":10,"column":25},"end":{"line":25,"column":1}},"1":{"start":{"line":11,"column":2},"end":{"line":24,"column":null}},"2":{"start":{"line":12,"column":4},"end":{"line":19,"column":null}},"3":{"start":{"line":23,"column":4},"end":{"line":23,"column":null}},"4":{"start":{"line":30,"column":23},"end":{"line":55,"column":1}},"5":{"start":{"line":31,"column":71},"end":{"line":31,"column":76}},"6":{"start":{"line":32,"column":15},"end":{"line":32,"column":33}},"7":{"start":{"line":34,"column":2},"end":{"line":54,"column":null}}},"fnMap":{"0":{"name":"(anonymous_0)","decl":{"start":{"line":10,"column":25},"end":{"line":10,"column":30}},"loc":{"start":{"line":10,"column":83},"end":{"line":25,"column":1}},"line":10},"1":{"name":"(anonymous_1)","decl":{"start":{"line":30,"column":23},"end":{"line":30,"column":28}},"loc":{"start":{"line":30,"column":45},"end":{"line":55,"column":1}},"line":30}},"branchMap":{"0":{"loc":{"start":{"line":10,"column":48},"end":{"line":10,"column":63}},"type":"default-arg","locations":[{"start":{"line":10,"column":59},"end":{"line":10,"column":63}}],"line":10},"1":{"loc":{"start":{"line":10,"column":65},"end":{"line":10,"column":78}},"type":"default-arg","locations":[{"start":{"line":10,"column":76},"end":{"line":10,"column":78}}],"line":10},"2":{"loc":{"start":{"line":30,"column":30},"end":{"line":30,"column":40}},"type":"default-arg","locations":[{"start":{"line":30,"column":38},"end":{"line":30,"column":40}}],"line":30},"3":{"loc":{"start":{"line":31,"column":46},"end":{"line":31,"column":54}},"type":"default-arg","locations":[{"start":{"line":31,"column":53},"end":{"line":31,"column":54}}],"line":31},"4":{"loc":{"start":{"line":31,"column":56},"end":{"line":31,"column":66}},"type":"default-arg","locations":[{"start":{"line":31,"column":64},"end":{"line":31,"column":66}}],"line":31},"5":{"loc":{"start":{"line":36,"column":10},"end":{"line":36,"column":30}},"type":"binary-expr","locations":[{"start":{"line":36,"column":10},"end":{"line":36,"column":16}},{"start":{"line":36,"column":20},"end":{"line":36,"column":30}}],"line":36},"6":{"loc":{"start":{"line":37,"column":10},"end":{"line":37,"column":30}},"type":"binary-expr","locations":[{"start":{"line":37,"column":10},"end":{"line":37,"column":16}},{"start":{"line":37,"column":20},"end":{"line":37,"column":30}}],"line":37},"7":{"loc":{"start":{"line":38,"column":10},"end":{"line":40,"column":7}},"type":"binary-expr","locations":[{"start":{"line":38,"column":10},"end":{"line":38,"column":19}},{"start":{"line":38,"column":23},"end":{"line":38,"column":30}},{"start":{"line":38,"column":34},"end":{"line":40,"column":7}}],"line":38}},"s":{"0":1,"1":2,"2":2,"3":1,"4":1,"5":4,"6":4,"7":4},"f":{"0":2,"1":4},"b":{"0":[2],"1":[2],"2":[4],"3":[4],"4":[4],"5":[4,1],"6":[4,1],"7":[4,1,1]},"meta":{"lastBranch":8,"lastFunction":2,"lastStatement":8,"seen":{"s:10:25:25:1":0,"f:10:25:10:30":0,"b:10:59:10:63":0,"b:10:76:10:78":1,"s:11:2:24:Infinity":1,"s:12:4:19:Infinity":2,"s:23:4:23:Infinity":3,"s:30:23:55:1":4,"f:30:23:30:28":1,"b:30:38:30:40":2,"s:31:71:31:76":5,"b:31:53:31:54":3,"b:31:64:31:66":4,"s:32:15:32:33":6,"s:34:2:54:Infinity":7,"b:36:10:36:16:36:20:36:30":5,"b:37:10:37:16:37:20:37:30":6,"b:38:10:38:19:38:23:38:30:38:34:40:7":7}}}
,"C:\\Users\\aN\\Desktop\\AssigAnurag\\Backend\\src\\modules\\auth\\auth.controller.js": {"path":"C:\\Users\\aN\\Desktop\\AssigAnurag\\Backend\\src\\modules\\auth\\auth.controller.js","statementMap":{"0":{"start":{"line":4,"column":21},"end":{"line":10,"column":2}},"1":{"start":{"line":5,"column":15},"end":{"line":5,"column":41}},"2":{"start":{"line":6,"column":2},"end":{"line":9,"column":null}},"3":{"start":{"line":12,"column":20},"end":{"line":18,"column":2}},"4":{"start":{"line":13,"column":17},"end":{"line":13,"column":42}},"5":{"start":{"line":14,"column":2},"end":{"line":17,"column":null}},"6":{"start":{"line":20,"column":27},"end":{"line":26,"column":2}},"7":{"start":{"line":21,"column":17},"end":{"line":21,"column":57}},"8":{"start":{"line":22,"column":2},"end":{"line":25,"column":null}},"9":{"start":{"line":28,"column":21},"end":{"line":39,"column":2}},"10":{"start":{"line":29,"column":21},"end":{"line":29,"column":46}},"11":{"start":{"line":30,"column":22},"end":{"line":30,"column":47}},"12":{"start":{"line":31,"column":27},"end":{"line":31,"column":35}},"13":{"start":{"line":33,"column":2},"end":{"line":33,"column":null}},"14":{"start":{"line":35,"column":2},"end":{"line":38,"column":null}},"15":{"start":{"line":41,"column":24},"end":{"line":47,"column":2}},"16":{"start":{"line":42,"column":2},"end":{"line":42,"column":null}},"17":{"start":{"line":43,"column":2},"end":{"line":46,"column":null}}},"fnMap":{"0":{"name":"(anonymous_0)","decl":{"start":{"line":4,"column":35},"end":{"line":4,"column":40}},"loc":{"start":{"line":4,"column":55},"end":{"line":10,"column":1}},"line":4},"1":{"name":"(anonymous_1)","decl":{"start":{"line":12,"column":34},"end":{"line":12,"column":39}},"loc":{"start":{"line":12,"column":54},"end":{"line":18,"column":1}},"line":12},"2":{"name":"(anonymous_2)","decl":{"start":{"line":20,"column":41},"end":{"line":20,"column":46}},"loc":{"start":{"line":20,"column":61},"end":{"line":26,"column":1}},"line":20},"3":{"name":"(anonymous_3)","decl":{"start":{"line":28,"column":35},"end":{"line":28,"column":40}},"loc":{"start":{"line":28,"column":55},"end":{"line":39,"column":1}},"line":28},"4":{"name":"(anonymous_4)","decl":{"start":{"line":41,"column":38},"end":{"line":41,"column":43}},"loc":{"start":{"line":41,"column":58},"end":{"line":47,"column":1}},"line":41}},"branchMap":{},"s":{"0":1,"1":1,"2":1,"3":1,"4":1,"5":1,"6":1,"7":0,"8":0,"9":1,"10":0,"11":0,"12":0,"13":0,"14":0,"15":1,"16":0,"17":0},"f":{"0":1,"1":1,"2":0,"3":0,"4":0},"b":{},"meta":{"lastBranch":0,"lastFunction":5,"lastStatement":18,"seen":{"s:4:21:10:2":0,"f:4:35:4:40":0,"s:5:15:5:41":1,"s:6:2:9:Infinity":2,"s:12:20:18:2":3,"f:12:34:12:39":1,"s:13:17:13:42":4,"s:14:2:17:Infinity":5,"s:20:27:26:2":6,"f:20:41:20:46":2,"s:21:17:21:57":7,"s:22:2:25:Infinity":8,"s:28:21:39:2":9,"f:28:35:28:40":3,"s:29:21:29:46":10,"s:30:22:30:47":11,"s:31:27:31:35":12,"s:33:2:33:Infinity":13,"s:35:2:38:Infinity":14,"s:41:24:47:2":15,"f:41:38:41:43":4,"s:42:2:42:Infinity":16,"s:43:2:46:Infinity":17}}}
,"C:\\Users\\aN\\Desktop\\AssigAnurag\\Backend\\src\\modules\\auth\\auth.routes.js": {"path":"C:\\Users\\aN\\Desktop\\AssigAnurag\\Backend\\src\\modules\\auth\\auth.routes.js","statementMap":{"0":{"start":{"line":7,"column":18},"end":{"line":7,"column":27}},"1":{"start":{"line":9,"column":0},"end":{"line":9,"column":null}},"2":{"start":{"line":10,"column":0},"end":{"line":10,"column":null}},"3":{"start":{"line":11,"column":0},"end":{"line":11,"column":null}},"4":{"start":{"line":12,"column":0},"end":{"line":12,"column":null}},"5":{"start":{"line":13,"column":0},"end":{"line":13,"column":null}}},"fnMap":{},"branchMap":{},"s":{"0":1,"1":1,"2":1,"3":1,"4":1,"5":1},"f":{},"b":{},"meta":{"lastBranch":0,"lastFunction":0,"lastStatement":6,"seen":{"s:7:18:7:27":0,"s:9:0:9:Infinity":1,"s:10:0:10:Infinity":2,"s:11:0:11:Infinity":3,"s:12:0:12:Infinity":4,"s:13:0:13:Infinity":5}}}
,"C:\\Users\\aN\\Desktop\\AssigAnurag\\Backend\\src\\modules\\auth\\auth.service.js": {"path":"C:\\Users\\aN\\Desktop\\AssigAnurag\\Backend\\src\\modules\\auth\\auth.service.js","statementMap":{"0":{"start":{"line":19,"column":22},"end":{"line":44,"column":1}},"1":{"start":{"line":20,"column":36},"end":{"line":20,"column":44}},"2":{"start":{"line":22,"column":23},"end":{"line":24,"column":4}},"3":{"start":{"line":26,"column":2},"end":{"line":28,"column":null}},"4":{"start":{"line":27,"column":4},"end":{"line":27,"column":null}},"5":{"start":{"line":30,"column":25},"end":{"line":30,"column":56}},"6":{"start":{"line":31,"column":15},"end":{"line":38,"column":4}},"7":{"start":{"line":41,"column":2},"end":{"line":41,"column":null}},"8":{"start":{"line":43,"column":2},"end":{"line":43,"column":null}},"9":{"start":{"line":46,"column":21},"end":{"line":73,"column":1}},"10":{"start":{"line":47,"column":30},"end":{"line":47,"column":41}},"11":{"start":{"line":49,"column":15},"end":{"line":51,"column":4}},"12":{"start":{"line":53,"column":2},"end":{"line":55,"column":null}},"13":{"start":{"line":54,"column":4},"end":{"line":54,"column":null}},"14":{"start":{"line":57,"column":26},"end":{"line":57,"column":71}},"15":{"start":{"line":58,"column":2},"end":{"line":60,"column":null}},"16":{"start":{"line":59,"column":4},"end":{"line":59,"column":null}},"17":{"start":{"line":62,"column":21},"end":{"line":62,"column":72}},"18":{"start":{"line":63,"column":23},"end":{"line":63,"column":63}},"19":{"start":{"line":66,"column":2},"end":{"line":66,"column":null}},"20":{"start":{"line":68,"column":2},"end":{"line":72,"column":null}},"21":{"start":{"line":75,"column":23},"end":{"line":93,"column":1}},"22":{"start":{"line":76,"column":17},"end":{"line":76,"column":56}},"23":{"start":{"line":77,"column":2},"end":{"line":79,"column":null}},"24":{"start":{"line":78,"column":4},"end":{"line":78,"column":null}},"25":{"start":{"line":81,"column":15},"end":{"line":83,"column":4}},"26":{"start":{"line":85,"column":2},"end":{"line":87,"column":null}},"27":{"start":{"line":86,"column":4},"end":{"line":86,"column":null}},"28":{"start":{"line":89,"column":21},"end":{"line":89,"column":72}},"29":{"start":{"line":90,"column":26},"end":{"line":90,"column":66}},"30":{"start":{"line":92,"column":2},"end":{"line":92,"column":null}},"31":{"start":{"line":95,"column":22},"end":{"line":123,"column":1}},"32":{"start":{"line":97,"column":2},"end":{"line":107,"column":null}},"33":{"start":{"line":98,"column":4},"end":{"line":106,"column":null}},"34":{"start":{"line":99,"column":21},"end":{"line":99,"column":52}},"35":{"start":{"line":100,"column":6},"end":{"line":102,"column":null}},"36":{"start":{"line":101,"column":8},"end":{"line":101,"column":null}},"37":{"start":{"line":110,"column":2},"end":{"line":122,"column":null}},"38":{"start":{"line":111,"column":4},"end":{"line":111,"column":null}},"39":{"start":{"line":114,"column":4},"end":{"line":121,"column":null}},"40":{"start":{"line":115,"column":21},"end":{"line":115,"column":52}},"41":{"start":{"line":116,"column":6},"end":{"line":118,"column":null}},"42":{"start":{"line":117,"column":8},"end":{"line":117,"column":null}},"43":{"start":{"line":125,"column":25},"end":{"line":127,"column":1}},"44":{"start":{"line":126,"column":2},"end":{"line":126,"column":null}}},"fnMap":{"0":{"name":"(anonymous_0)","decl":{"start":{"line":19,"column":22},"end":{"line":19,"column":27}},"loc":{"start":{"line":19,"column":42},"end":{"line":44,"column":1}},"line":19},"1":{"name":"(anonymous_1)","decl":{"start":{"line":46,"column":21},"end":{"line":46,"column":26}},"loc":{"start":{"line":46,"column":44},"end":{"line":73,"column":1}},"line":46},"2":{"name":"(anonymous_2)","decl":{"start":{"line":75,"column":23},"end":{"line":75,"column":28}},"loc":{"start":{"line":75,"column":47},"end":{"line":93,"column":1}},"line":75},"3":{"name":"(anonymous_3)","decl":{"start":{"line":95,"column":22},"end":{"line":95,"column":27}},"loc":{"start":{"line":95,"column":59},"end":{"line":123,"column":1}},"line":95},"4":{"name":"(anonymous_4)","decl":{"start":{"line":125,"column":25},"end":{"line":125,"column":30}},"loc":{"start":{"line":125,"column":43},"end":{"line":127,"column":1}},"line":125}},"branchMap":{"0":{"loc":{"start":{"line":26,"column":2},"end":{"line":28,"column":null}},"type":"if","locations":[{"start":{"line":26,"column":2},"end":{"line":28,"column":null}},{"start":{},"end":{}}],"line":26},"1":{"loc":{"start":{"line":53,"column":2},"end":{"line":55,"column":null}},"type":"if","locations":[{"start":{"line":53,"column":2},"end":{"line":55,"column":null}},{"start":{},"end":{}}],"line":53},"2":{"loc":{"start":{"line":53,"column":6},"end":{"line":53,"column":41}},"type":"binary-expr","locations":[{"start":{"line":53,"column":6},"end":{"line":53,"column":11}},{"start":{"line":53,"column":15},"end":{"line":53,"column":41}}],"line":53},"3":{"loc":{"start":{"line":58,"column":2},"end":{"line":60,"column":null}},"type":"if","locations":[{"start":{"line":58,"column":2},"end":{"line":60,"column":null}},{"start":{},"end":{}}],"line":58},"4":{"loc":{"start":{"line":77,"column":2},"end":{"line":79,"column":null}},"type":"if","locations":[{"start":{"line":77,"column":2},"end":{"line":79,"column":null}},{"start":{},"end":{}}],"line":77},"5":{"loc":{"start":{"line":85,"column":2},"end":{"line":87,"column":null}},"type":"if","locations":[{"start":{"line":85,"column":2},"end":{"line":87,"column":null}},{"start":{},"end":{}}],"line":85},"6":{"loc":{"start":{"line":85,"column":6},"end":{"line":85,"column":41}},"type":"binary-expr","locations":[{"start":{"line":85,"column":6},"end":{"line":85,"column":11}},{"start":{"line":85,"column":15},"end":{"line":85,"column":41}}],"line":85},"7":{"loc":{"start":{"line":97,"column":2},"end":{"line":107,"column":null}},"type":"if","locations":[{"start":{"line":97,"column":2},"end":{"line":107,"column":null}},{"start":{},"end":{}}],"line":97},"8":{"loc":{"start":{"line":100,"column":6},"end":{"line":102,"column":null}},"type":"if","locations":[{"start":{"line":100,"column":6},"end":{"line":102,"column":null}},{"start":{},"end":{}}],"line":100},"9":{"loc":{"start":{"line":100,"column":10},"end":{"line":100,"column":32}},"type":"binary-expr","locations":[{"start":{"line":100,"column":10},"end":{"line":100,"column":17}},{"start":{"line":100,"column":21},"end":{"line":100,"column":32}}],"line":100},"10":{"loc":{"start":{"line":110,"column":2},"end":{"line":122,"column":null}},"type":"if","locations":[{"start":{"line":110,"column":2},"end":{"line":122,"column":null}},{"start":{},"end":{}}],"line":110},"11":{"loc":{"start":{"line":116,"column":6},"end":{"line":118,"column":null}},"type":"if","locations":[{"start":{"line":116,"column":6},"end":{"line":118,"column":null}},{"start":{},"end":{}}],"line":116},"12":{"loc":{"start":{"line":116,"column":10},"end":{"line":116,"column":32}},"type":"binary-expr","locations":[{"start":{"line":116,"column":10},"end":{"line":116,"column":17}},{"start":{"line":116,"column":21},"end":{"line":116,"column":32}}],"line":116}},"s":{"0":3,"1":3,"2":3,"3":3,"4":1,"5":2,"6":2,"7":2,"8":2,"9":3,"10":4,"11":4,"12":4,"13":1,"14":3,"15":3,"16":1,"17":2,"18":2,"19":2,"20":2,"21":3,"22":3,"23":3,"24":1,"25":2,"26":2,"27":1,"28":1,"29":1,"30":1,"31":3,"32":3,"33":3,"34":3,"35":3,"36":2,"37":3,"38":2,"39":2,"40":2,"41":2,"42":1,"43":3,"44":1},"f":{"0":3,"1":4,"2":3,"3":3,"4":1},"b":{"0":[1,2],"1":[1,3],"2":[4,3],"3":[1,2],"4":[1,2],"5":[1,1],"6":[2,2],"7":[3,0],"8":[2,1],"9":[3,2],"10":[2,1],"11":[1,1],"12":[2,1]},"meta":{"lastBranch":13,"lastFunction":5,"lastStatement":45,"seen":{"s:19:22:44:1":0,"f:19:22:19:27":0,"s:20:36:20:44":1,"s:22:23:24:4":2,"b:26:2:28:Infinity:undefined:undefined:undefined:undefined":0,"s:26:2:28:Infinity":3,"s:27:4:27:Infinity":4,"s:30:25:30:56":5,"s:31:15:38:4":6,"s:41:2:41:Infinity":7,"s:43:2:43:Infinity":8,"s:46:21:73:1":9,"f:46:21:46:26":1,"s:47:30:47:41":10,"s:49:15:51:4":11,"b:53:2:55:Infinity:undefined:undefined:undefined:undefined":1,"s:53:2:55:Infinity":12,"b:53:6:53:11:53:15:53:41":2,"s:54:4:54:Infinity":13,"s:57:26:57:71":14,"b:58:2:60:Infinity:undefined:undefined:undefined:undefined":3,"s:58:2:60:Infinity":15,"s:59:4:59:Infinity":16,"s:62:21:62:72":17,"s:63:23:63:63":18,"s:66:2:66:Infinity":19,"s:68:2:72:Infinity":20,"s:75:23:93:1":21,"f:75:23:75:28":2,"s:76:17:76:56":22,"b:77:2:79:Infinity:undefined:undefined:undefined:undefined":4,"s:77:2:79:Infinity":23,"s:78:4:78:Infinity":24,"s:81:15:83:4":25,"b:85:2:87:Infinity:undefined:undefined:undefined:undefined":5,"s:85:2:87:Infinity":26,"b:85:6:85:11:85:15:85:41":6,"s:86:4:86:Infinity":27,"s:89:21:89:72":28,"s:90:26:90:66":29,"s:92:2:92:Infinity":30,"s:95:22:123:1":31,"f:95:22:95:27":3,"b:97:2:107:Infinity:undefined:undefined:undefined:undefined":7,"s:97:2:107:Infinity":32,"s:98:4:106:Infinity":33,"s:99:21:99:52":34,"b:100:6:102:Infinity:undefined:undefined:undefined:undefined":8,"s:100:6:102:Infinity":35,"b:100:10:100:17:100:21:100:32":9,"s:101:8:101:Infinity":36,"b:110:2:122:Infinity:undefined:undefined:undefined:undefined":10,"s:110:2:122:Infinity":37,"s:111:4:111:Infinity":38,"s:114:4:121:Infinity":39,"s:115:21:115:52":40,"b:116:6:118:Infinity:undefined:undefined:undefined:undefined":11,"s:116:6:118:Infinity":41,"b:116:10:116:17:116:21:116:32":12,"s:117:8:117:Infinity":42,"s:125:25:127:1":43,"f:125:25:125:30":4,"s:126:2:126:Infinity":44}}}
,"C:\\Users\\aN\\Desktop\\AssigAnurag\\Backend\\src\\modules\\auth\\auth.validator.js": {"path":"C:\\Users\\aN\\Desktop\\AssigAnurag\\Backend\\src\\modules\\auth\\auth.validator.js","statementMap":{"0":{"start":{"line":3,"column":28},"end":{"line":9,"column":2}},"1":{"start":{"line":11,"column":27},"end":{"line":16,"column":2}},"2":{"start":{"line":18,"column":34},"end":{"line":22,"column":2}},"3":{"start":{"line":24,"column":28},"end":{"line":28,"column":2}}},"fnMap":{},"branchMap":{},"s":{"0":1,"1":1,"2":1,"3":1},"f":{},"b":{},"meta":{"lastBranch":0,"lastFunction":0,"lastStatement":4,"seen":{"s:3:28:9:2":0,"s:11:27:16:2":1,"s:18:34:22:2":2,"s:24:28:28:2":3}}}
,"C:\\Users\\aN\\Desktop\\AssigAnurag\\Backend\\src\\modules\\budget\\budget.controller.js": {"path":"C:\\Users\\aN\\Desktop\\AssigAnurag\\Backend\\src\\modules\\budget\\budget.controller.js","statementMap":{"0":{"start":{"line":4,"column":27},"end":{"line":7,"column":2}},"1":{"start":{"line":5,"column":17},"end":{"line":5,"column":73}},"2":{"start":{"line":6,"column":2},"end":{"line":6,"column":null}},"3":{"start":{"line":9,"column":25},"end":{"line":12,"column":2}},"4":{"start":{"line":10,"column":18},"end":{"line":10,"column":62}},"5":{"start":{"line":11,"column":2},"end":{"line":11,"column":null}},"6":{"start":{"line":14,"column":27},"end":{"line":17,"column":2}},"7":{"start":{"line":15,"column":2},"end":{"line":15,"column":null}},"8":{"start":{"line":16,"column":2},"end":{"line":16,"column":null}}},"fnMap":{"0":{"name":"(anonymous_0)","decl":{"start":{"line":4,"column":41},"end":{"line":4,"column":46}},"loc":{"start":{"line":4,"column":61},"end":{"line":7,"column":1}},"line":4},"1":{"name":"(anonymous_1)","decl":{"start":{"line":9,"column":39},"end":{"line":9,"column":44}},"loc":{"start":{"line":9,"column":59},"end":{"line":12,"column":1}},"line":9},"2":{"name":"(anonymous_2)","decl":{"start":{"line":14,"column":41},"end":{"line":14,"column":46}},"loc":{"start":{"line":14,"column":61},"end":{"line":17,"column":1}},"line":14}},"branchMap":{},"s":{"0":1,"1":0,"2":0,"3":1,"4":0,"5":0,"6":1,"7":0,"8":0},"f":{"0":0,"1":0,"2":0},"b":{},"meta":{"lastBranch":0,"lastFunction":3,"lastStatement":9,"seen":{"s:4:27:7:2":0,"f:4:41:4:46":0,"s:5:17:5:73":1,"s:6:2:6:Infinity":2,"s:9:25:12:2":3,"f:9:39:9:44":1,"s:10:18:10:62":4,"s:11:2:11:Infinity":5,"s:14:27:17:2":6,"f:14:41:14:46":2,"s:15:2:15:Infinity":7,"s:16:2:16:Infinity":8}}}
,"C:\\Users\\aN\\Desktop\\AssigAnurag\\Backend\\src\\modules\\budget\\budget.routes.js": {"path":"C:\\Users\\aN\\Desktop\\AssigAnurag\\Backend\\src\\modules\\budget\\budget.routes.js","statementMap":{"0":{"start":{"line":9,"column":20},"end":{"line":9,"column":29}},"1":{"start":{"line":11,"column":0},"end":{"line":11,"column":null}},"2":{"start":{"line":13,"column":0},"end":{"line":13,"column":null}},"3":{"start":{"line":14,"column":0},"end":{"line":14,"column":null}},"4":{"start":{"line":15,"column":0},"end":{"line":15,"column":null}}},"fnMap":{},"branchMap":{},"s":{"0":1,"1":1,"2":1,"3":1,"4":1},"f":{},"b":{},"meta":{"lastBranch":0,"lastFunction":0,"lastStatement":5,"seen":{"s:9:20:9:29":0,"s:11:0:11:Infinity":1,"s:13:0:13:Infinity":2,"s:14:0:14:Infinity":3,"s:15:0:15:Infinity":4}}}
,"C:\\Users\\aN\\Desktop\\AssigAnurag\\Backend\\src\\modules\\budget\\budget.service.js": {"path":"C:\\Users\\aN\\Desktop\\AssigAnurag\\Backend\\src\\modules\\budget\\budget.service.js","statementMap":{"0":{"start":{"line":4,"column":28},"end":{"line":16,"column":1}},"1":{"start":{"line":5,"column":2},"end":{"line":15,"column":null}},"2":{"start":{"line":18,"column":26},"end":{"line":46,"column":1}},"3":{"start":{"line":19,"column":30},"end":{"line":31,"column":4}},"4":{"start":{"line":34,"column":2},"end":{"line":45,"column":null}},"5":{"start":{"line":35,"column":20},"end":{"line":35,"column":67}},"6":{"start":{"line":35,"column":41},"end":{"line":35,"column":66}},"7":{"start":{"line":36,"column":24},"end":{"line":36,"column":49}},"8":{"start":{"line":37,"column":21},"end":{"line":37,"column":50}},"9":{"start":{"line":39,"column":4},"end":{"line":44,"column":null}},"10":{"start":{"line":48,"column":28},"end":{"line":53,"column":1}},"11":{"start":{"line":49,"column":17},"end":{"line":49,"column":76}},"12":{"start":{"line":50,"column":2},"end":{"line":50,"column":null}},"13":{"start":{"line":50,"column":43},"end":{"line":50,"column":null}},"14":{"start":{"line":52,"column":2},"end":{"line":52,"column":null}}},"fnMap":{"0":{"name":"(anonymous_0)","decl":{"start":{"line":4,"column":28},"end":{"line":4,"column":33}},"loc":{"start":{"line":4,"column":52},"end":{"line":16,"column":1}},"line":4},"1":{"name":"(anonymous_1)","decl":{"start":{"line":18,"column":26},"end":{"line":18,"column":31}},"loc":{"start":{"line":18,"column":44},"end":{"line":46,"column":1}},"line":18},"2":{"name":"(anonymous_2)","decl":{"start":{"line":34,"column":21},"end":{"line":34,"column":22}},"loc":{"start":{"line":34,"column":28},"end":{"line":45,"column":3}},"line":34},"3":{"name":"(anonymous_3)","decl":{"start":{"line":35,"column":34},"end":{"line":35,"column":35}},"loc":{"start":{"line":35,"column":41},"end":{"line":35,"column":66}},"line":35},"4":{"name":"(anonymous_4)","decl":{"start":{"line":48,"column":28},"end":{"line":48,"column":33}},"loc":{"start":{"line":48,"column":56},"end":{"line":53,"column":1}},"line":48}},"branchMap":{"0":{"loc":{"start":{"line":10,"column":16},"end":{"line":10,"column":40}},"type":"binary-expr","locations":[{"start":{"line":10,"column":16},"end":{"line":10,"column":27}},{"start":{"line":10,"column":31},"end":{"line":10,"column":40}}],"line":10},"1":{"loc":{"start":{"line":36,"column":24},"end":{"line":36,"column":49}},"type":"binary-expr","locations":[{"start":{"line":36,"column":24},"end":{"line":36,"column":44}},{"start":{"line":36,"column":48},"end":{"line":36,"column":49}}],"line":36},"2":{"loc":{"start":{"line":43,"column":14},"end":{"line":43,"column":86}},"type":"cond-expr","locations":[{"start":{"line":43,"column":32},"end":{"line":43,"column":45}},{"start":{"line":43,"column":48},"end":{"line":43,"column":86}}],"line":43},"3":{"loc":{"start":{"line":43,"column":48},"end":{"line":43,"column":86}},"type":"cond-expr","locations":[{"start":{"line":43,"column":65},"end":{"line":43,"column":74}},{"start":{"line":43,"column":77},"end":{"line":43,"column":86}}],"line":43},"4":{"loc":{"start":{"line":50,"column":2},"end":{"line":50,"column":null}},"type":"if","locations":[{"start":{"line":50,"column":2},"end":{"line":50,"column":null}},{"start":{},"end":{}}],"line":50},"5":{"loc":{"start":{"line":50,"column":6},"end":{"line":50,"column":41}},"type":"binary-expr","locations":[{"start":{"line":50,"column":6},"end":{"line":50,"column":13}},{"start":{"line":50,"column":17},"end":{"line":50,"column":41}}],"line":50}},"s":{"0":2,"1":1,"2":2,"3":2,"4":2,"5":3,"6":3,"7":3,"8":3,"9":3,"10":2,"11":3,"12":3,"13":2,"14":1},"f":{"0":1,"1":2,"2":3,"3":3,"4":3},"b":{"0":[1,0],"1":[3,1],"2":[1,2],"3":[1,1],"4":[2,1],"5":[3,2]},"meta":{"lastBranch":6,"lastFunction":5,"lastStatement":15,"seen":{"s:4:28:16:1":0,"f:4:28:4:33":0,"s:5:2:15:Infinity":1,"b:10:16:10:27:10:31:10:40":0,"s:18:26:46:1":2,"f:18:26:18:31":1,"s:19:30:31:4":3,"s:34:2:45:Infinity":4,"f:34:21:34:22":2,"s:35:20:35:67":5,"f:35:34:35:35":3,"s:35:41:35:66":6,"s:36:24:36:49":7,"b:36:24:36:44:36:48:36:49":1,"s:37:21:37:50":8,"s:39:4:44:Infinity":9,"b:43:32:43:45:43:48:43:86":2,"b:43:65:43:74:43:77:43:86":3,"s:48:28:53:1":10,"f:48:28:48:33":4,"s:49:17:49:76":11,"b:50:2:50:Infinity:undefined:undefined:undefined:undefined":4,"s:50:2:50:Infinity":12,"b:50:6:50:13:50:17:50:41":5,"s:50:43:50:Infinity":13,"s:52:2:52:Infinity":14}}}
,"C:\\Users\\aN\\Desktop\\AssigAnurag\\Backend\\src\\modules\\budget\\budget.validator.js": {"path":"C:\\Users\\aN\\Desktop\\AssigAnurag\\Backend\\src\\modules\\budget\\budget.validator.js","statementMap":{"0":{"start":{"line":3,"column":34},"end":{"line":9,"column":2}},"1":{"start":{"line":11,"column":34},"end":{"line":19,"column":2}}},"fnMap":{},"branchMap":{},"s":{"0":1,"1":1},"f":{},"b":{},"meta":{"lastBranch":0,"lastFunction":0,"lastStatement":2,"seen":{"s:3:34:9:2":0,"s:11:34:19:2":1}}}
,"C:\\Users\\aN\\Desktop\\AssigAnurag\\Backend\\src\\modules\\dashboard\\dashboard.controller.js": {"path":"C:\\Users\\aN\\Desktop\\AssigAnurag\\Backend\\src\\modules\\dashboard\\dashboard.controller.js","statementMap":{"0":{"start":{"line":4,"column":25},"end":{"line":7,"column":2}},"1":{"start":{"line":5,"column":18},"end":{"line":5,"column":80}},"2":{"start":{"line":6,"column":2},"end":{"line":6,"column":null}}},"fnMap":{"0":{"name":"(anonymous_0)","decl":{"start":{"line":4,"column":39},"end":{"line":4,"column":44}},"loc":{"start":{"line":4,"column":59},"end":{"line":7,"column":1}},"line":4}},"branchMap":{},"s":{"0":1,"1":0,"2":0},"f":{"0":0},"b":{},"meta":{"lastBranch":0,"lastFunction":1,"lastStatement":3,"seen":{"s:4:25:7:2":0,"f:4:39:4:44":0,"s:5:18:5:80":1,"s:6:2:6:Infinity":2}}}
,"C:\\Users\\aN\\Desktop\\AssigAnurag\\Backend\\src\\modules\\dashboard\\dashboard.routes.js": {"path":"C:\\Users\\aN\\Desktop\\AssigAnurag\\Backend\\src\\modules\\dashboard\\dashboard.routes.js","statementMap":{"0":{"start":{"line":7,"column":23},"end":{"line":7,"column":32}},"1":{"start":{"line":10,"column":0},"end":{"line":15,"column":null}}},"fnMap":{},"branchMap":{},"s":{"0":1,"1":1},"f":{},"b":{},"meta":{"lastBranch":0,"lastFunction":0,"lastStatement":2,"seen":{"s:7:23:7:32":0,"s:10:0:15:Infinity":1}}}
,"C:\\Users\\aN\\Desktop\\AssigAnurag\\Backend\\src\\modules\\dashboard\\dashboard.service.js": {"path":"C:\\Users\\aN\\Desktop\\AssigAnurag\\Backend\\src\\modules\\dashboard\\dashboard.service.js","statementMap":{"0":{"start":{"line":5,"column":26},"end":{"line":41,"column":1}},"1":{"start":{"line":6,"column":16},"end":{"line":9,"column":3}},"2":{"start":{"line":11,"column":18},"end":{"line":11,"column":66}},"3":{"start":{"line":13,"column":22},"end":{"line":15,"column":42}},"4":{"start":{"line":14,"column":19},"end":{"line":14,"column":38}},"5":{"start":{"line":15,"column":24},"end":{"line":15,"column":38}},"6":{"start":{"line":17,"column":24},"end":{"line":19,"column":42}},"7":{"start":{"line":18,"column":19},"end":{"line":18,"column":39}},"8":{"start":{"line":19,"column":24},"end":{"line":19,"column":38}},"9":{"start":{"line":21,"column":21},"end":{"line":21,"column":48}},"10":{"start":{"line":23,"column":23},"end":{"line":26,"column":8}},"11":{"start":{"line":24,"column":4},"end":{"line":24,"column":null}},"12":{"start":{"line":25,"column":4},"end":{"line":25,"column":null}},"13":{"start":{"line":28,"column":25},"end":{"line":30,"column":17}},"14":{"start":{"line":29,"column":20},"end":{"line":29,"column":35}},"15":{"start":{"line":32,"column":18},"end":{"line":38,"column":3}},"16":{"start":{"line":40,"column":2},"end":{"line":40,"column":null}}},"fnMap":{"0":{"name":"(anonymous_0)","decl":{"start":{"line":5,"column":26},"end":{"line":5,"column":31}},"loc":{"start":{"line":5,"column":54},"end":{"line":41,"column":1}},"line":5},"1":{"name":"(anonymous_1)","decl":{"start":{"line":14,"column":12},"end":{"line":14,"column":13}},"loc":{"start":{"line":14,"column":19},"end":{"line":14,"column":38}},"line":14},"2":{"name":"(anonymous_2)","decl":{"start":{"line":15,"column":12},"end":{"line":15,"column":13}},"loc":{"start":{"line":15,"column":24},"end":{"line":15,"column":38}},"line":15},"3":{"name":"(anonymous_3)","decl":{"start":{"line":18,"column":12},"end":{"line":18,"column":13}},"loc":{"start":{"line":18,"column":19},"end":{"line":18,"column":39}},"line":18},"4":{"name":"(anonymous_4)","decl":{"start":{"line":19,"column":12},"end":{"line":19,"column":13}},"loc":{"start":{"line":19,"column":24},"end":{"line":19,"column":38}},"line":19},"5":{"name":"(anonymous_5)","decl":{"start":{"line":23,"column":38},"end":{"line":23,"column":39}},"loc":{"start":{"line":23,"column":50},"end":{"line":26,"column":3}},"line":23},"6":{"name":"(anonymous_6)","decl":{"start":{"line":29,"column":10},"end":{"line":29,"column":11}},"loc":{"start":{"line":29,"column":20},"end":{"line":29,"column":35}},"line":29}},"branchMap":{"0":{"loc":{"start":{"line":8,"column":8},"end":{"line":8,"column":42}},"type":"binary-expr","locations":[{"start":{"line":8,"column":8},"end":{"line":8,"column":28}},{"start":{"line":8,"column":32},"end":{"line":8,"column":42}}],"line":8},"1":{"loc":{"start":{"line":24,"column":23},"end":{"line":24,"column":43}},"type":"binary-expr","locations":[{"start":{"line":24,"column":23},"end":{"line":24,"column":38}},{"start":{"line":24,"column":42},"end":{"line":24,"column":43}}],"line":24},"2":{"loc":{"start":{"line":24,"column":48},"end":{"line":24,"column":90}},"type":"cond-expr","locations":[{"start":{"line":24,"column":70},"end":{"line":24,"column":78}},{"start":{"line":24,"column":81},"end":{"line":24,"column":90}}],"line":24}},"s":{"0":2,"1":5,"2":5,"3":5,"4":27,"5":21,"6":5,"7":27,"8":6,"9":5,"10":5,"11":27,"12":27,"13":5,"14":25,"15":5,"16":5},"f":{"0":5,"1":27,"2":21,"3":27,"4":6,"5":27,"6":25},"b":{"0":[5,1],"1":[27,13],"2":[21,6]},"meta":{"lastBranch":3,"lastFunction":7,"lastStatement":17,"seen":{"s:5:26:41:1":0,"f:5:26:5:31":0,"s:6:16:9:3":1,"b:8:8:8:28:8:32:8:42":0,"s:11:18:11:66":2,"s:13:22:15:42":3,"f:14:12:14:13":1,"s:14:19:14:38":4,"f:15:12:15:13":2,"s:15:24:15:38":5,"s:17:24:19:42":6,"f:18:12:18:13":3,"s:18:19:18:39":7,"f:19:12:19:13":4,"s:19:24:19:38":8,"s:21:21:21:48":9,"s:23:23:26:8":10,"f:23:38:23:39":5,"s:24:4:24:Infinity":11,"b:24:23:24:38:24:42:24:43":1,"b:24:70:24:78:24:81:24:90":2,"s:25:4:25:Infinity":12,"s:28:25:30:17":13,"f:29:10:29:11":6,"s:29:20:29:35":14,"s:32:18:38:3":15,"s:40:2:40:Infinity":16}}}
,"C:\\Users\\aN\\Desktop\\AssigAnurag\\Backend\\src\\modules\\finance\\finance.controller.js": {"path":"C:\\Users\\aN\\Desktop\\AssigAnurag\\Backend\\src\\modules\\finance\\finance.controller.js","statementMap":{"0":{"start":{"line":4,"column":27},"end":{"line":7,"column":2}},"1":{"start":{"line":5,"column":17},"end":{"line":5,"column":74}},"2":{"start":{"line":6,"column":2},"end":{"line":6,"column":null}},"3":{"start":{"line":9,"column":25},"end":{"line":12,"column":2}},"4":{"start":{"line":10,"column":18},"end":{"line":10,"column":89}},"5":{"start":{"line":11,"column":2},"end":{"line":11,"column":null}},"6":{"start":{"line":14,"column":27},"end":{"line":17,"column":2}},"7":{"start":{"line":15,"column":17},"end":{"line":15,"column":104}},"8":{"start":{"line":16,"column":2},"end":{"line":16,"column":null}},"9":{"start":{"line":19,"column":27},"end":{"line":22,"column":2}},"10":{"start":{"line":20,"column":17},"end":{"line":20,"column":94}},"11":{"start":{"line":21,"column":2},"end":{"line":21,"column":null}}},"fnMap":{"0":{"name":"(anonymous_0)","decl":{"start":{"line":4,"column":41},"end":{"line":4,"column":46}},"loc":{"start":{"line":4,"column":61},"end":{"line":7,"column":1}},"line":4},"1":{"name":"(anonymous_1)","decl":{"start":{"line":9,"column":39},"end":{"line":9,"column":44}},"loc":{"start":{"line":9,"column":59},"end":{"line":12,"column":1}},"line":9},"2":{"name":"(anonymous_2)","decl":{"start":{"line":14,"column":41},"end":{"line":14,"column":46}},"loc":{"start":{"line":14,"column":61},"end":{"line":17,"column":1}},"line":14},"3":{"name":"(anonymous_3)","decl":{"start":{"line":19,"column":41},"end":{"line":19,"column":46}},"loc":{"start":{"line":19,"column":61},"end":{"line":22,"column":1}},"line":19}},"branchMap":{},"s":{"0":1,"1":0,"2":0,"3":1,"4":0,"5":0,"6":1,"7":0,"8":0,"9":1,"10":0,"11":0},"f":{"0":0,"1":0,"2":0,"3":0},"b":{},"meta":{"lastBranch":0,"lastFunction":4,"lastStatement":12,"seen":{"s:4:27:7:2":0,"f:4:41:4:46":0,"s:5:17:5:74":1,"s:6:2:6:Infinity":2,"s:9:25:12:2":3,"f:9:39:9:44":1,"s:10:18:10:89":4,"s:11:2:11:Infinity":5,"s:14:27:17:2":6,"f:14:41:14:46":2,"s:15:17:15:104":7,"s:16:2:16:Infinity":8,"s:19:27:22:2":9,"f:19:41:19:46":3,"s:20:17:20:94":10,"s:21:2:21:Infinity":11}}}
,"C:\\Users\\aN\\Desktop\\AssigAnurag\\Backend\\src\\modules\\finance\\finance.routes.js": {"path":"C:\\Users\\aN\\Desktop\\AssigAnurag\\Backend\\src\\modules\\finance\\finance.routes.js","statementMap":{"0":{"start":{"line":9,"column":21},"end":{"line":9,"column":30}},"1":{"start":{"line":11,"column":0},"end":{"line":11,"column":null}},"2":{"start":{"line":14,"column":0},"end":{"line":19,"column":null}},"3":{"start":{"line":22,"column":0},"end":{"line":27,"column":null}},"4":{"start":{"line":29,"column":0},"end":{"line":34,"column":null}},"5":{"start":{"line":36,"column":0},"end":{"line":40,"column":null}}},"fnMap":{},"branchMap":{},"s":{"0":1,"1":1,"2":1,"3":1,"4":1,"5":1},"f":{},"b":{},"meta":{"lastBranch":0,"lastFunction":0,"lastStatement":6,"seen":{"s:9:21:9:30":0,"s:11:0:11:Infinity":1,"s:14:0:19:Infinity":2,"s:22:0:27:Infinity":3,"s:29:0:34:Infinity":4,"s:36:0:40:Infinity":5}}}
,"C:\\Users\\aN\\Desktop\\AssigAnurag\\Backend\\src\\modules\\finance\\finance.service.js": {"path":"C:\\Users\\aN\\Desktop\\AssigAnurag\\Backend\\src\\modules\\finance\\finance.service.js","statementMap":{"0":{"start":{"line":7,"column":28},"end":{"line":58,"column":1}},"1":{"start":{"line":8,"column":17},"end":{"line":13,"column":4}},"2":{"start":{"line":16,"column":2},"end":{"line":52,"column":null}},"3":{"start":{"line":17,"column":19},"end":{"line":25,"column":6}},"4":{"start":{"line":27,"column":4},"end":{"line":51,"column":null}},"5":{"start":{"line":28,"column":23},"end":{"line":37,"column":8}},"6":{"start":{"line":39,"column":25},"end":{"line":39,"column":50}},"7":{"start":{"line":40,"column":6},"end":{"line":50,"column":null}},"8":{"start":{"line":41,"column":8},"end":{"line":44,"column":null}},"9":{"start":{"line":45,"column":13},"end":{"line":50,"column":null}},"10":{"start":{"line":46,"column":8},"end":{"line":49,"column":null}},"11":{"start":{"line":55,"column":2},"end":{"line":55,"column":null}},"12":{"start":{"line":57,"column":2},"end":{"line":57,"column":null}},"13":{"start":{"line":60,"column":26},"end":{"line":102,"column":1}},"14":{"start":{"line":61,"column":107},"end":{"line":61,"column":112}},"15":{"start":{"line":62,"column":15},"end":{"line":62,"column":33}},"16":{"start":{"line":64,"column":16},"end":{"line":82,"column":3}},"17":{"start":{"line":84,"column":27},"end":{"line":92,"column":4}},"18":{"start":{"line":94,"column":21},"end":{"line":99,"column":3}},"19":{"start":{"line":101,"column":2},"end":{"line":101,"column":null}},"20":{"start":{"line":104,"column":28},"end":{"line":124,"column":1}},"21":{"start":{"line":105,"column":17},"end":{"line":107,"column":4}},"22":{"start":{"line":109,"column":2},"end":{"line":109,"column":null}},"23":{"start":{"line":109,"column":35},"end":{"line":109,"column":null}},"24":{"start":{"line":111,"column":2},"end":{"line":113,"column":null}},"25":{"start":{"line":112,"column":4},"end":{"line":112,"column":null}},"26":{"start":{"line":115,"column":24},"end":{"line":118,"column":4}},"27":{"start":{"line":121,"column":2},"end":{"line":121,"column":null}},"28":{"start":{"line":123,"column":2},"end":{"line":123,"column":null}},"29":{"start":{"line":126,"column":28},"end":{"line":146,"column":1}},"30":{"start":{"line":127,"column":17},"end":{"line":129,"column":4}},"31":{"start":{"line":131,"column":2},"end":{"line":131,"column":null}},"32":{"start":{"line":131,"column":35},"end":{"line":131,"column":null}},"33":{"start":{"line":133,"column":2},"end":{"line":135,"column":null}},"34":{"start":{"line":134,"column":4},"end":{"line":134,"column":null}},"35":{"start":{"line":137,"column":24},"end":{"line":140,"column":4}},"36":{"start":{"line":143,"column":2},"end":{"line":143,"column":null}},"37":{"start":{"line":145,"column":2},"end":{"line":145,"column":null}}},"fnMap":{"0":{"name":"(anonymous_0)","decl":{"start":{"line":7,"column":28},"end":{"line":7,"column":33}},"loc":{"start":{"line":7,"column":52},"end":{"line":58,"column":1}},"line":7},"1":{"name":"(anonymous_1)","decl":{"start":{"line":60,"column":26},"end":{"line":60,"column":31}},"loc":{"start":{"line":60,"column":61},"end":{"line":102,"column":1}},"line":60},"2":{"name":"(anonymous_2)","decl":{"start":{"line":104,"column":28},"end":{"line":104,"column":33}},"loc":{"start":{"line":104,"column":72},"end":{"line":124,"column":1}},"line":104},"3":{"name":"(anonymous_3)","decl":{"start":{"line":126,"column":28},"end":{"line":126,"column":33}},"loc":{"start":{"line":126,"column":66},"end":{"line":146,"column":1}},"line":126}},"branchMap":{"0":{"loc":{"start":{"line":16,"column":2},"end":{"line":52,"column":null}},"type":"if","locations":[{"start":{"line":16,"column":2},"end":{"line":52,"column":null}},{"start":{},"end":{}}],"line":16},"1":{"loc":{"start":{"line":27,"column":4},"end":{"line":51,"column":null}},"type":"if","locations":[{"start":{"line":27,"column":4},"end":{"line":51,"column":null}},{"start":{},"end":{}}],"line":27},"2":{"loc":{"start":{"line":39,"column":25},"end":{"line":39,"column":50}},"type":"binary-expr","locations":[{"start":{"line":39,"column":25},"end":{"line":39,"column":45}},{"start":{"line":39,"column":49},"end":{"line":39,"column":50}}],"line":39},"3":{"loc":{"start":{"line":40,"column":6},"end":{"line":50,"column":null}},"type":"if","locations":[{"start":{"line":40,"column":6},"end":{"line":50,"column":null}},{"start":{"line":45,"column":13},"end":{"line":50,"column":null}}],"line":40},"4":{"loc":{"start":{"line":45,"column":13},"end":{"line":50,"column":null}},"type":"if","locations":[{"start":{"line":45,"column":13},"end":{"line":50,"column":null}},{"start":{},"end":{}}],"line":45},"5":{"loc":{"start":{"line":66,"column":8},"end":{"line":66,"column":42}},"type":"binary-expr","locations":[{"start":{"line":66,"column":8},"end":{"line":66,"column":28}},{"start":{"line":66,"column":32},"end":{"line":66,"column":42}}],"line":66},"6":{"loc":{"start":{"line":67,"column":8},"end":{"line":69,"column":5}},"type":"binary-expr","locations":[{"start":{"line":67,"column":8},"end":{"line":67,"column":17}},{"start":{"line":67,"column":21},"end":{"line":67,"column":28}},{"start":{"line":67,"column":32},"end":{"line":69,"column":5}}],"line":67},"7":{"loc":{"start":{"line":70,"column":8},"end":{"line":70,"column":65}},"type":"binary-expr","locations":[{"start":{"line":70,"column":8},"end":{"line":70,"column":31}},{"start":{"line":70,"column":35},"end":{"line":70,"column":65}}],"line":70},"8":{"loc":{"start":{"line":71,"column":8},"end":{"line":71,"column":65}},"type":"binary-expr","locations":[{"start":{"line":71,"column":8},"end":{"line":71,"column":31}},{"start":{"line":71,"column":35},"end":{"line":71,"column":65}}],"line":71},"9":{"loc":{"start":{"line":72,"column":8},"end":{"line":72,"column":24}},"type":"binary-expr","locations":[{"start":{"line":72,"column":8},"end":{"line":72,"column":12}},{"start":{"line":72,"column":16},"end":{"line":72,"column":24}}],"line":72},"10":{"loc":{"start":{"line":73,"column":8},"end":{"line":73,"column":77}},"type":"binary-expr","locations":[{"start":{"line":73,"column":8},"end":{"line":73,"column":16}},{"start":{"line":73,"column":20},"end":{"line":73,"column":77}}],"line":73},"11":{"loc":{"start":{"line":74,"column":8},"end":{"line":74,"column":92}},"type":"binary-expr","locations":[{"start":{"line":74,"column":8},"end":{"line":74,"column":21}},{"start":{"line":74,"column":25},"end":{"line":74,"column":92}}],"line":74},"12":{"loc":{"start":{"line":75,"column":8},"end":{"line":81,"column":5}},"type":"binary-expr","locations":[{"start":{"line":75,"column":8},"end":{"line":75,"column":14}},{"start":{"line":75,"column":18},"end":{"line":81,"column":5}}],"line":75},"13":{"loc":{"start":{"line":109,"column":2},"end":{"line":109,"column":null}},"type":"if","locations":[{"start":{"line":109,"column":2},"end":{"line":109,"column":null}},{"start":{},"end":{}}],"line":109},"14":{"loc":{"start":{"line":109,"column":6},"end":{"line":109,"column":33}},"type":"binary-expr","locations":[{"start":{"line":109,"column":6},"end":{"line":109,"column":13}},{"start":{"line":109,"column":17},"end":{"line":109,"column":33}}],"line":109},"15":{"loc":{"start":{"line":111,"column":2},"end":{"line":113,"column":null}},"type":"if","locations":[{"start":{"line":111,"column":2},"end":{"line":113,"column":null}},{"start":{},"end":{}}],"line":111},"16":{"loc":{"start":{"line":111,"column":6},"end":{"line":111,"column":54}},"type":"binary-expr","locations":[{"start":{"line":111,"column":6},"end":{"line":111,"column":26}},{"start":{"line":111,"column":30},"end":{"line":111,"column":54}}],"line":111},"17":{"loc":{"start":{"line":131,"column":2},"end":{"line":131,"column":null}},"type":"if","locations":[{"start":{"line":131,"column":2},"end":{"line":131,"column":null}},{"start":{},"end":{}}],"line":131},"18":{"loc":{"start":{"line":131,"column":6},"end":{"line":131,"column":33}},"type":"binary-expr","locations":[{"start":{"line":131,"column":6},"end":{"line":131,"column":13}},{"start":{"line":131,"column":17},"end":{"line":131,"column":33}}],"line":131},"19":{"loc":{"start":{"line":133,"column":2},"end":{"line":135,"column":null}},"type":"if","locations":[{"start":{"line":133,"column":2},"end":{"line":135,"column":null}},{"start":{},"end":{}}],"line":133},"20":{"loc":{"start":{"line":133,"column":6},"end":{"line":133,"column":54}},"type":"binary-expr","locations":[{"start":{"line":133,"column":6},"end":{"line":133,"column":26}},{"start":{"line":133,"column":30},"end":{"line":133,"column":54}}],"line":133}},"s":{"0":2,"1":1,"2":1,"3":1,"4":1,"5":0,"6":0,"7":0,"8":0,"9":0,"10":0,"11":1,"12":1,"13":2,"14":2,"15":2,"16":2,"17":2,"18":2,"19":2,"20":2,"21":0,"22":0,"23":0,"24":0,"25":0,"26":0,"27":0,"28":0,"29":2,"30":3,"31":3,"32":1,"33":2,"34":1,"35":1,"36":1,"37":1},"f":{"0":1,"1":2,"2":0,"3":3},"b":{"0":[1,0],"1":[0,1],"2":[0,0],"3":[0,0],"4":[0,0],"5":[2,1],"6":[2,0,0],"7":[2,0],"8":[2,0],"9":[2,0],"10":[2,0],"11":[2,0],"12":[2,0],"13":[0,0],"14":[0,0],"15":[0,0],"16":[0,0],"17":[1,2],"18":[3,2],"19":[1,1],"20":[2,2]},"meta":{"lastBranch":21,"lastFunction":4,"lastStatement":38,"seen":{"s:7:28:58:1":0,"f:7:28:7:33":0,"s:8:17:13:4":1,"b:16:2:52:Infinity:undefined:undefined:undefined:undefined":0,"s:16:2:52:Infinity":2,"s:17:19:25:6":3,"b:27:4:51:Infinity:undefined:undefined:undefined:undefined":1,"s:27:4:51:Infinity":4,"s:28:23:37:8":5,"s:39:25:39:50":6,"b:39:25:39:45:39:49:39:50":2,"b:40:6:50:Infinity:45:13:50:Infinity":3,"s:40:6:50:Infinity":7,"s:41:8:44:Infinity":8,"b:45:13:50:Infinity:undefined:undefined:undefined:undefined":4,"s:45:13:50:Infinity":9,"s:46:8:49:Infinity":10,"s:55:2:55:Infinity":11,"s:57:2:57:Infinity":12,"s:60:26:102:1":13,"f:60:26:60:31":1,"s:61:107:61:112":14,"s:62:15:62:33":15,"s:64:16:82:3":16,"b:66:8:66:28:66:32:66:42":5,"b:67:8:67:17:67:21:67:28:67:32:69:5":6,"b:70:8:70:31:70:35:70:65":7,"b:71:8:71:31:71:35:71:65":8,"b:72:8:72:12:72:16:72:24":9,"b:73:8:73:16:73:20:73:77":10,"b:74:8:74:21:74:25:74:92":11,"b:75:8:75:14:75:18:81:5":12,"s:84:27:92:4":17,"s:94:21:99:3":18,"s:101:2:101:Infinity":19,"s:104:28:124:1":20,"f:104:28:104:33":2,"s:105:17:107:4":21,"b:109:2:109:Infinity:undefined:undefined:undefined:undefined":13,"s:109:2:109:Infinity":22,"b:109:6:109:13:109:17:109:33":14,"s:109:35:109:Infinity":23,"b:111:2:113:Infinity:undefined:undefined:undefined:undefined":15,"s:111:2:113:Infinity":24,"b:111:6:111:26:111:30:111:54":16,"s:112:4:112:Infinity":25,"s:115:24:118:4":26,"s:121:2:121:Infinity":27,"s:123:2:123:Infinity":28,"s:126:28:146:1":29,"f:126:28:126:33":3,"s:127:17:129:4":30,"b:131:2:131:Infinity:undefined:undefined:undefined:undefined":17,"s:131:2:131:Infinity":31,"b:131:6:131:13:131:17:131:33":18,"s:131:35:131:Infinity":32,"b:133:2:135:Infinity:undefined:undefined:undefined:undefined":19,"s:133:2:135:Infinity":33,"b:133:6:133:26:133:30:133:54":20,"s:134:4:134:Infinity":34,"s:137:24:140:4":35,"s:143:2:143:Infinity":36,"s:145:2:145:Infinity":37}}}
,"C:\\Users\\aN\\Desktop\\AssigAnurag\\Backend\\src\\modules\\finance\\finance.validator.js": {"path":"C:\\Users\\aN\\Desktop\\AssigAnurag\\Backend\\src\\modules\\finance\\finance.validator.js","statementMap":{"0":{"start":{"line":3,"column":34},"end":{"line":13,"column":2}},"1":{"start":{"line":10,"column":58},"end":{"line":10,"column":86}},"2":{"start":{"line":15,"column":34},"end":{"line":28,"column":2}},"3":{"start":{"line":30,"column":37},"end":{"line":43,"column":2}},"4":{"start":{"line":32,"column":47},"end":{"line":32,"column":67}},"5":{"start":{"line":33,"column":48},"end":{"line":33,"column":69}},"6":{"start":{"line":36,"column":52},"end":{"line":36,"column":78}},"7":{"start":{"line":37,"column":52},"end":{"line":37,"column":78}}},"fnMap":{"0":{"name":"(anonymous_0)","decl":{"start":{"line":10,"column":53},"end":{"line":10,"column":54}},"loc":{"start":{"line":10,"column":58},"end":{"line":10,"column":86}},"line":10},"1":{"name":"(anonymous_1)","decl":{"start":{"line":32,"column":42},"end":{"line":32,"column":43}},"loc":{"start":{"line":32,"column":47},"end":{"line":32,"column":67}},"line":32},"2":{"name":"(anonymous_2)","decl":{"start":{"line":33,"column":43},"end":{"line":33,"column":44}},"loc":{"start":{"line":33,"column":48},"end":{"line":33,"column":69}},"line":33},"3":{"name":"(anonymous_3)","decl":{"start":{"line":36,"column":47},"end":{"line":36,"column":48}},"loc":{"start":{"line":36,"column":52},"end":{"line":36,"column":78}},"line":36},"4":{"name":"(anonymous_4)","decl":{"start":{"line":37,"column":47},"end":{"line":37,"column":48}},"loc":{"start":{"line":37,"column":52},"end":{"line":37,"column":78}},"line":37}},"branchMap":{"0":{"loc":{"start":{"line":10,"column":58},"end":{"line":10,"column":86}},"type":"cond-expr","locations":[{"start":{"line":10,"column":62},"end":{"line":10,"column":73}},{"start":{"line":10,"column":76},"end":{"line":10,"column":86}}],"line":10},"1":{"loc":{"start":{"line":32,"column":47},"end":{"line":32,"column":67}},"type":"binary-expr","locations":[{"start":{"line":32,"column":47},"end":{"line":32,"column":62}},{"start":{"line":32,"column":66},"end":{"line":32,"column":67}}],"line":32},"2":{"loc":{"start":{"line":33,"column":48},"end":{"line":33,"column":69}},"type":"binary-expr","locations":[{"start":{"line":33,"column":48},"end":{"line":33,"column":63}},{"start":{"line":33,"column":67},"end":{"line":33,"column":69}}],"line":33},"3":{"loc":{"start":{"line":36,"column":52},"end":{"line":36,"column":78}},"type":"binary-expr","locations":[{"start":{"line":36,"column":52},"end":{"line":36,"column":65}},{"start":{"line":36,"column":69},"end":{"line":36,"column":78}}],"line":36},"4":{"loc":{"start":{"line":37,"column":52},"end":{"line":37,"column":78}},"type":"binary-expr","locations":[{"start":{"line":37,"column":52},"end":{"line":37,"column":65}},{"start":{"line":37,"column":69},"end":{"line":37,"column":78}}],"line":37}},"s":{"0":1,"1":0,"2":1,"3":1,"4":0,"5":0,"6":0,"7":0},"f":{"0":0,"1":0,"2":0,"3":0,"4":0},"b":{"0":[0,0],"1":[0,0],"2":[0,0],"3":[0,0],"4":[0,0]},"meta":{"lastBranch":5,"lastFunction":5,"lastStatement":8,"seen":{"s:3:34:13:2":0,"f:10:53:10:54":0,"s:10:58:10:86":1,"b:10:62:10:73:10:76:10:86":0,"s:15:34:28:2":2,"s:30:37:43:2":3,"f:32:42:32:43":1,"s:32:47:32:67":4,"b:32:47:32:62:32:66:32:67":1,"f:33:43:33:44":2,"s:33:48:33:69":5,"b:33:48:33:63:33:67:33:69":2,"f:36:47:36:48":3,"s:36:52:36:78":6,"b:36:52:36:65:36:69:36:78":3,"f:37:47:37:48":4,"s:37:52:37:78":7,"b:37:52:37:65:37:69:37:78":4}}}
,"C:\\Users\\aN\\Desktop\\AssigAnurag\\Backend\\src\\modules\\intelligence\\intelligence.controller.js": {"path":"C:\\Users\\aN\\Desktop\\AssigAnurag\\Backend\\src\\modules\\intelligence\\intelligence.controller.js","statementMap":{"0":{"start":{"line":4,"column":29},"end":{"line":7,"column":2}},"1":{"start":{"line":5,"column":22},"end":{"line":5,"column":91}},"2":{"start":{"line":6,"column":2},"end":{"line":6,"column":null}}},"fnMap":{"0":{"name":"(anonymous_0)","decl":{"start":{"line":4,"column":43},"end":{"line":4,"column":48}},"loc":{"start":{"line":4,"column":63},"end":{"line":7,"column":1}},"line":4}},"branchMap":{},"s":{"0":1,"1":0,"2":0},"f":{"0":0},"b":{},"meta":{"lastBranch":0,"lastFunction":1,"lastStatement":3,"seen":{"s:4:29:7:2":0,"f:4:43:4:48":0,"s:5:22:5:91":1,"s:6:2:6:Infinity":2}}}
,"C:\\Users\\aN\\Desktop\\AssigAnurag\\Backend\\src\\modules\\intelligence\\intelligence.routes.js": {"path":"C:\\Users\\aN\\Desktop\\AssigAnurag\\Backend\\src\\modules\\intelligence\\intelligence.routes.js","statementMap":{"0":{"start":{"line":7,"column":26},"end":{"line":7,"column":35}},"1":{"start":{"line":9,"column":0},"end":{"line":9,"column":null}},"2":{"start":{"line":11,"column":0},"end":{"line":11,"column":null}}},"fnMap":{},"branchMap":{},"s":{"0":1,"1":1,"2":1},"f":{},"b":{},"meta":{"lastBranch":0,"lastFunction":0,"lastStatement":3,"seen":{"s:7:26:7:35":0,"s:9:0:9:Infinity":1,"s:11:0:11:Infinity":2}}}
,"C:\\Users\\aN\\Desktop\\AssigAnurag\\Backend\\src\\modules\\intelligence\\intelligence.service.js": {"path":"C:\\Users\\aN\\Desktop\\AssigAnurag\\Backend\\src\\modules\\intelligence\\intelligence.service.js","statementMap":{"0":{"start":{"line":5,"column":30},"end":{"line":36,"column":1}},"1":{"start":{"line":6,"column":16},"end":{"line":10,"column":3}},"2":{"start":{"line":12,"column":18},"end":{"line":15,"column":4}},"3":{"start":{"line":18,"column":28},"end":{"line":21,"column":5}},"4":{"start":{"line":18,"column":46},"end":{"line":21,"column":3}},"5":{"start":{"line":23,"column":15},"end":{"line":23,"column":49}},"6":{"start":{"line":25,"column":2},"end":{"line":35,"column":null}},"7":{"start":{"line":27,"column":46},"end":{"line":27,"column":60}}},"fnMap":{"0":{"name":"(anonymous_0)","decl":{"start":{"line":5,"column":30},"end":{"line":5,"column":35}},"loc":{"start":{"line":5,"column":58},"end":{"line":36,"column":1}},"line":5},"1":{"name":"(anonymous_1)","decl":{"start":{"line":18,"column":40},"end":{"line":18,"column":41}},"loc":{"start":{"line":18,"column":46},"end":{"line":21,"column":3}},"line":18},"2":{"name":"(anonymous_2)","decl":{"start":{"line":27,"column":34},"end":{"line":27,"column":35}},"loc":{"start":{"line":27,"column":46},"end":{"line":27,"column":60}},"line":27}},"branchMap":{"0":{"loc":{"start":{"line":7,"column":12},"end":{"line":7,"column":53}},"type":"cond-expr","locations":[{"start":{"line":7,"column":35},"end":{"line":7,"column":44}},{"start":{"line":7,"column":47},"end":{"line":7,"column":53}}],"line":7},"1":{"loc":{"start":{"line":26,"column":27},"end":{"line":28,"column":9}},"type":"cond-expr","locations":[{"start":{"line":27,"column":8},"end":{"line":27,"column":null}},{"start":{"line":28,"column":8},"end":{"line":28,"column":9}}],"line":26},"2":{"loc":{"start":{"line":30,"column":13},"end":{"line":34,"column":39}},"type":"cond-expr","locations":[{"start":{"line":31,"column":8},"end":{"line":31,"column":null}},{"start":{"line":32,"column":8},"end":{"line":34,"column":39}}],"line":30},"3":{"loc":{"start":{"line":32,"column":8},"end":{"line":34,"column":39}},"type":"cond-expr","locations":[{"start":{"line":33,"column":8},"end":{"line":33,"column":null}},{"start":{"line":34,"column":8},"end":{"line":34,"column":39}}],"line":32}},"s":{"0":1,"1":0,"2":0,"3":0,"4":0,"5":0,"6":0,"7":0},"f":{"0":0,"1":0,"2":0},"b":{"0":[0,0],"1":[0,0],"2":[0,0],"3":[0,0]},"meta":{"lastBranch":4,"lastFunction":3,"lastStatement":8,"seen":{"s:5:30:36:1":0,"f:5:30:5:35":0,"s:6:16:10:3":1,"b:7:35:7:44:7:47:7:53":0,"s:12:18:15:4":2,"s:18:28:21:5":3,"f:18:40:18:41":1,"s:18:46:21:3":4,"s:23:15:23:49":5,"s:25:2:35:Infinity":6,"b:27:8:27:Infinity:28:8:28:9":1,"f:27:34:27:35":2,"s:27:46:27:60":7,"b:31:8:31:Infinity:32:8:34:39":2,"b:33:8:33:Infinity:34:8:34:39":3}}}
,"C:\\Users\\aN\\Desktop\\AssigAnurag\\Backend\\src\\modules\\report\\report.controller.js": {"path":"C:\\Users\\aN\\Desktop\\AssigAnurag\\Backend\\src\\modules\\report\\report.controller.js","statementMap":{"0":{"start":{"line":5,"column":24},"end":{"line":10,"column":2}},"1":{"start":{"line":6,"column":14},"end":{"line":6,"column":72}},"2":{"start":{"line":7,"column":2},"end":{"line":7,"column":null}},"3":{"start":{"line":8,"column":2},"end":{"line":8,"column":null}},"4":{"start":{"line":9,"column":2},"end":{"line":9,"column":null}},"5":{"start":{"line":12,"column":24},"end":{"line":16,"column":2}},"6":{"start":{"line":13,"column":2},"end":{"line":13,"column":null}},"7":{"start":{"line":14,"column":2},"end":{"line":14,"column":null}},"8":{"start":{"line":15,"column":2},"end":{"line":15,"column":null}},"9":{"start":{"line":18,"column":24},"end":{"line":25,"column":2}},"10":{"start":{"line":19,"column":2},"end":{"line":21,"column":null}},"11":{"start":{"line":20,"column":4},"end":{"line":20,"column":null}},"12":{"start":{"line":23,"column":17},"end":{"line":23,"column":77}},"13":{"start":{"line":24,"column":2},"end":{"line":24,"column":null}}},"fnMap":{"0":{"name":"(anonymous_0)","decl":{"start":{"line":5,"column":38},"end":{"line":5,"column":43}},"loc":{"start":{"line":5,"column":58},"end":{"line":10,"column":1}},"line":5},"1":{"name":"(anonymous_1)","decl":{"start":{"line":12,"column":38},"end":{"line":12,"column":43}},"loc":{"start":{"line":12,"column":58},"end":{"line":16,"column":1}},"line":12},"2":{"name":"(anonymous_2)","decl":{"start":{"line":18,"column":38},"end":{"line":18,"column":43}},"loc":{"start":{"line":18,"column":58},"end":{"line":25,"column":1}},"line":18}},"branchMap":{"0":{"loc":{"start":{"line":19,"column":2},"end":{"line":21,"column":null}},"type":"if","locations":[{"start":{"line":19,"column":2},"end":{"line":21,"column":null}},{"start":{},"end":{}}],"line":19}},"s":{"0":1,"1":0,"2":0,"3":0,"4":0,"5":1,"6":0,"7":0,"8":0,"9":1,"10":0,"11":0,"12":0,"13":0},"f":{"0":0,"1":0,"2":0},"b":{"0":[0,0]},"meta":{"lastBranch":1,"lastFunction":3,"lastStatement":14,"seen":{"s:5:24:10:2":0,"f:5:38:5:43":0,"s:6:14:6:72":1,"s:7:2:7:Infinity":2,"s:8:2:8:Infinity":3,"s:9:2:9:Infinity":4,"s:12:24:16:2":5,"f:12:38:12:43":1,"s:13:2:13:Infinity":6,"s:14:2:14:Infinity":7,"s:15:2:15:Infinity":8,"s:18:24:25:2":9,"f:18:38:18:43":2,"b:19:2:21:Infinity:undefined:undefined:undefined:undefined":0,"s:19:2:21:Infinity":10,"s:20:4:20:Infinity":11,"s:23:17:23:77":12,"s:24:2:24:Infinity":13}}}
,"C:\\Users\\aN\\Desktop\\AssigAnurag\\Backend\\src\\modules\\report\\report.routes.js": {"path":"C:\\Users\\aN\\Desktop\\AssigAnurag\\Backend\\src\\modules\\report\\report.routes.js","statementMap":{"0":{"start":{"line":8,"column":20},"end":{"line":8,"column":29}},"1":{"start":{"line":9,"column":14},"end":{"line":9,"column":58}},"2":{"start":{"line":11,"column":0},"end":{"line":11,"column":null}},"3":{"start":{"line":13,"column":0},"end":{"line":13,"column":null}},"4":{"start":{"line":14,"column":0},"end":{"line":14,"column":null}},"5":{"start":{"line":15,"column":0},"end":{"line":15,"column":null}}},"fnMap":{},"branchMap":{},"s":{"0":1,"1":1,"2":1,"3":1,"4":1,"5":1},"f":{},"b":{},"meta":{"lastBranch":0,"lastFunction":0,"lastStatement":6,"seen":{"s:8:20:8:29":0,"s:9:14:9:58":1,"s:11:0:11:Infinity":2,"s:13:0:13:Infinity":3,"s:14:0:14:Infinity":4,"s:15:0:15:Infinity":5}}}
[...]
,"C:\\Users\\aN\\Desktop\\AssigAnurag\\Backend\\src\\utils\\forecast.util.js": {"path":"C:\\Users\\aN\\Desktop\\AssigAnurag\\Backend\\src\\utils\\forecast.util.js","statementMap":{"0":{"start":{"line":6,"column":30},"end":{"line":38,"column":1}},"1":{"start":{"line":7,"column":2},"end":{"line":7,"column":null}},"2":{"start":{"line":7,"column":26},"end":{"line":7,"column":null}},"3":{"start":{"line":10,"column":17},"end":{"line":10,"column":76}},"4":{"start":{"line":10,"column":40},"end":{"line":10,"column":75}},"5":{"start":{"line":13,"column":20},"end":{"line":13,"column":54}},"6":{"start":{"line":14,"column":15},"end":{"line":17,"column":5}},"7":{"start":{"line":14,"column":41},"end":{"line":17,"column":3}},"8":{"start":{"line":19,"column":12},"end":{"line":19,"column":23}},"9":{"start":{"line":20,"column":15},"end":{"line":20,"column":52}},"10":{"start":{"line":20,"column":39},"end":{"line":20,"column":48}},"11":{"start":{"line":21,"column":15},"end":{"line":21,"column":52}},"12":{"start":{"line":21,"column":39},"end":{"line":21,"column":48}},"13":{"start":{"line":22,"column":16},"end":{"line":22,"column":61}},"14":{"start":{"line":22,"column":40},"end":{"line":22,"column":57}},"15":{"start":{"line":23,"column":16},"end":{"line":23,"column":61}},"16":{"start":{"line":23,"column":40},"end":{"line":23,"column":57}},"17":{"start":{"line":26,"column":16},"end":{"line":26,"column":69}},"18":{"start":{"line":27,"column":20},"end":{"line":27,"column":45}},"19":{"start":{"line":30,"column":20},"end":{"line":30,"column":67}},"20":{"start":{"line":32,"column":2},"end":{"line":37,"column":null}}},"fnMap":{"0":{"name":"(anonymous_0)","decl":{"start":{"line":6,"column":30},"end":{"line":6,"column":31}},"loc":{"start":{"line":6,"column":48},"end":{"line":38,"column":1}},"line":6},"1":{"name":"(anonymous_1)","decl":{"start":{"line":10,"column":30},"end":{"line":10,"column":31}},"loc":{"start":{"line":10,"column":40},"end":{"line":10,"column":75}},"line":10},"2":{"name":"(anonymous_2)","decl":{"start":{"line":14,"column":26},"end":{"line":14,"column":27}},"loc":{"start":{"line":14,"column":41},"end":{"line":17,"column":3}},"line":14},"3":{"name":"(anonymous_3)","decl":{"start":{"line":20,"column":27},"end":{"line":20,"column":28}},"loc":{"start":{"line":20,"column":39},"end":{"line":20,"column":48}},"line":20},"4":{"name":"(anonymous_4)","decl":{"start":{"line":21,"column":27},"end":{"line":21,"column":28}},"loc":{"start":{"line":21,"column":39},"end":{"line":21,"column":48}},"line":21},"5":{"name":"(anonymous_5)","decl":{"start":{"line":22,"column":28},"end":{"line":22,"column":29}},"loc":{"start":{"line":22,"column":40},"end":{"line":22,"column":57}},"line":22},"6":{"name":"(anonymous_6)","decl":{"start":{"line":23,"column":28},"end":{"line":23,"column":29}},"loc":{"start":{"line":23,"column":40},"end":{"line":23,"column":57}},"line":23}},"branchMap":{"0":{"loc":{"start":{"line":6,"column":31},"end":{"line":6,"column":43}},"type":"default-arg","locations":[{"start":{"line":6,"column":41},"end":{"line":6,"column":43}}],"line":6},"1":{"loc":{"start":{"line":7,"column":2},"end":{"line":7,"column":null}},"type":"if","locations":[{"start":{"line":7,"column":2},"end":{"line":7,"column":null}},{"start":{},"end":{}}],"line":7},"2":{"loc":{"start":{"line":36,"column":11},"end":{"line":36,"column":73}},"type":"cond-expr","locations":[{"start":{"line":36,"column":23},"end":{"line":36,"column":35}},{"start":{"line":36,"column":38},"end":{"line":36,"column":73}}],"line":36},"3":{"loc":{"start":{"line":36,"column":38},"end":{"line":36,"column":73}},"type":"cond-expr","locations":[{"start":{"line":36,"column":50},"end":{"line":36,"column":62}},{"start":{"line":36,"column":65},"end":{"line":36,"column":73}}],"line":36}},"s":{"0":1,"1":0,"2":0,"3":0,"4":0,"5":0,"6":0,"7":0,"8":0,"9":0,"10":0,"11":0,"12":0,"13":0,"14":0,"15":0,"16":0,"17":0,"18":0,"19":0,"20":0},"f":{"0":0,"1":0,"2":0,"3":0,"4":0,"5":0,"6":0},"b":{"0":[0],"1":[0,0],"2":[0,0],"3":[0,0]},"meta":{"lastBranch":4,"lastFunction":7,"lastStatement":21,"seen":{"s:6:30:38:1":0,"f:6:30:6:31":0,"b:6:41:6:43":0,"b:7:2:7:Infinity:undefined:undefined:undefined:undefined":1,"s:7:2:7:Infinity":1,"s:7:26:7:Infinity":2,"s:10:17:10:76":3,"f:10:30:10:31":1,"s:10:40:10:75":4,"s:13:20:13:54":5,"s:14:15:17:5":6,"f:14:26:14:27":2,"s:14:41:17:3":7,"s:19:12:19:23":8,"s:20:15:20:52":9,"f:20:27:20:28":3,"s:20:39:20:48":10,"s:21:15:21:52":11,"f:21:27:21:28":4,"s:21:39:21:48":12,"s:22:16:22:61":13,"f:22:28:22:29":5,"s:22:40:22:57":14,"s:23:16:23:61":15,"f:23:28:23:29":6,"s:23:40:23:57":16,"s:26:16:26:69":17,"s:27:20:27:45":18,"s:30:20:30:67":19,"s:32:2:37:Infinity":20,"b:36:23:36:35:36:38:36:73":2,"b:36:50:36:62:36:65:36:73":3}}}
,"C:\\Users\\aN\\Desktop\\AssigAnurag\\Backend\\src\\utils\\http-errors.util.js": {"path":"C:\\Users\\aN\\Desktop\\AssigAnurag\\Backend\\src\\utils\\http-errors.util.js","statementMap":{"0":{"start":{"line":4,"column":4},"end":{"line":4,"column":19}},"1":{"start":{"line":5,"column":4},"end":{"line":5,"column":32}},"2":{"start":{"line":6,"column":4},"end":{"line":6,"column":27}},"3":{"start":{"line":14,"column":4},"end":{"line":14,"column":33}},"4":{"start":{"line":20,"column":4},"end":{"line":20,"column":33}},"5":{"start":{"line":26,"column":4},"end":{"line":26,"column":33}},"6":{"start":{"line":32,"column":4},"end":{"line":32,"column":33}},"7":{"start":{"line":38,"column":4},"end":{"line":38,"column":33}},"8":{"start":{"line":44,"column":4},"end":{"line":44,"column":33}},"9":{"start":{"line":50,"column":4},"end":{"line":50,"column":33}},"10":{"start":{"line":51,"column":4},"end":{"line":51,"column":31}}},"fnMap":{"0":{"name":"(anonymous_0)","decl":{"start":{"line":3,"column":2},"end":{"line":3,"column":13}},"loc":{"start":{"line":3,"column":40},"end":{"line":7,"column":3}},"line":3},"1":{"name":"(anonymous_1)","decl":{"start":{"line":13,"column":2},"end":{"line":13,"column":13}},"loc":{"start":{"line":13,"column":48},"end":{"line":15,"column":3}},"line":13},"2":{"name":"(anonymous_2)","decl":{"start":{"line":19,"column":2},"end":{"line":19,"column":13}},"loc":{"start":{"line":19,"column":49},"end":{"line":21,"column":3}},"line":19},"3":{"name":"(anonymous_3)","decl":{"start":{"line":25,"column":2},"end":{"line":25,"column":13}},"loc":{"start":{"line":25,"column":46},"end":{"line":27,"column":3}},"line":25},"4":{"name":"(anonymous_4)","decl":{"start":{"line":31,"column":2},"end":{"line":31,"column":13}},"loc":{"start":{"line":31,"column":46},"end":{"line":33,"column":3}},"line":31},"5":{"name":"(anonymous_5)","decl":{"start":{"line":37,"column":2},"end":{"line":37,"column":13}},"loc":{"start":{"line":37,"column":58},"end":{"line":39,"column":3}},"line":37},"6":{"name":"(anonymous_6)","decl":{"start":{"line":43,"column":2},"end":{"line":43,"column":13}},"loc":{"start":{"line":43,"column":54},"end":{"line":45,"column":3}},"line":43},"7":{"name":"(anonymous_7)","decl":{"start":{"line":49,"column":2},"end":{"line":49,"column":13}},"loc":{"start":{"line":49,"column":61},"end":{"line":52,"column":3}},"line":49}},"branchMap":{"0":{"loc":{"start":{"line":5,"column":18},"end":{"line":5,"column":31}},"type":"binary-expr","locations":[{"start":{"line":5,"column":18},"end":{"line":5,"column":24}},{"start":{"line":5,"column":28},"end":{"line":5,"column":31}}],"line":5},"1":{"loc":{"start":{"line":13,"column":14},"end":{"line":13,"column":37}},"type":"default-arg","locations":[{"start":{"line":13,"column":24},"end":{"line":13,"column":37}}],"line":13},"2":{"loc":{"start":{"line":19,"column":14},"end":{"line":19,"column":38}},"type":"default-arg","locations":[{"start":{"line":19,"column":24},"end":{"line":19,"column":38}}],"line":19},"3":{"loc":{"start":{"line":25,"column":14},"end":{"line":25,"column":35}},"type":"default-arg","locations":[{"start":{"line":25,"column":24},"end":{"line":25,"column":35}}],"line":25},"4":{"loc":{"start":{"line":31,"column":14},"end":{"line":31,"column":35}},"type":"default-arg","locations":[{"start":{"line":31,"column":24},"end":{"line":31,"column":35}}],"line":31},"5":{"loc":{"start":{"line":37,"column":14},"end":{"line":37,"column":47}},"type":"default-arg","locations":[{"start":{"line":37,"column":24},"end":{"line":37,"column":47}}],"line":37},"6":{"loc":{"start":{"line":43,"column":14},"end":{"line":43,"column":43}},"type":"default-arg","locations":[{"start":{"line":43,"column":24},"end":{"line":43,"column":43}}],"line":43},"7":{"loc":{"start":{"line":49,"column":22},"end":{"line":49,"column":50}},"type":"default-arg","locations":[{"start":{"line":49,"column":32},"end":{"line":49,"column":50}}],"line":49},"8":{"loc":{"start":{"line":51,"column":18},"end":{"line":51,"column":30}},"type":"binary-expr","locations":[{"start":{"line":51,"column":18},"end":{"line":51,"column":24}},{"start":{"line":51,"column":28},"end":{"line":51,"column":30}}],"line":51}},"s":{"0":14,"1":14,"2":14,"3":1,"4":8,"5":0,"6":5,"7":0,"8":0,"9":0,"10":0},"f":{"0":14,"1":1,"2":8,"3":0,"4":5,"5":0,"6":0,"7":0},"b":{"0":[14,0],"1":[1],"2":[8],"3":[0],"4":[5],"5":[0],"6":[0],"7":[0],"8":[0,0]},"meta":{"lastBranch":9,"lastFunction":8,"lastStatement":11,"seen":{"f:3:2:3:13":0,"s:4:4:4:19":0,"s:5:4:5:32":1,"b:5:18:5:24:5:28:5:31":0,"s:6:4:6:27":2,"f:13:2:13:13":1,"b:13:24:13:37":1,"s:14:4:14:33":3,"f:19:2:19:13":2,"b:19:24:19:38":2,"s:20:4:20:33":4,"f:25:2:25:13":3,"b:25:24:25:35":3,"s:26:4:26:33":5,"f:31:2:31:13":4,"b:31:24:31:35":4,"s:32:4:32:33":6,"f:37:2:37:13":5,"b:37:24:37:47":5,"s:38:4:38:33":7,"f:43:2:43:13":6,"b:43:24:43:43":6,"s:44:4:44:33":8,"f:49:2:49:13":7,"b:49:32:49:50":7,"s:50:4:50:33":9,"s:51:4:51:31":10,"b:51:18:51:24:51:28:51:30":8}}}
,"C:\\Users\\aN\\Desktop\\AssigAnurag\\Backend\\src\\utils\\jwt.utils.js": {"path":"C:\\Users\\aN\\Desktop\\AssigAnurag\\Backend\\src\\utils\\jwt.utils.js","statementMap":{"0":{"start":{"line":10,"column":0},"end":{"line":14,"column":1}},"1":{"start":{"line":11,"column":2},"end":{"line":13,"column":4}},"2":{"start":{"line":15,"column":19},"end":{"line":15,"column":41}},"3":{"start":{"line":16,"column":28},"end":{"line":16,"column":68}},"4":{"start":{"line":18,"column":34},"end":{"line":21,"column":1}},"5":{"start":{"line":22,"column":28},"end":{"line":22,"column":30}},"6":{"start":{"line":28,"column":23},"end":{"line":31,"column":3}},"7":{"start":{"line":32,"column":18},"end":{"line":32,"column":52}},"8":{"start":{"line":33,"column":2},"end":{"line":33,"column":53}},"9":{"start":{"line":40,"column":2},"end":{"line":40,"column":39}},"10":{"start":{"line":47,"column":14},"end":{"line":47,"column":69}},"11":{"start":{"line":48,"column":20},"end":{"line":48,"column":73}},"12":{"start":{"line":49,"column":19},"end":{"line":49,"column":72}},"13":{"start":{"line":51,"column":2},"end":{"line":53,"column":5}},"14":{"start":{"line":55,"column":2},"end":{"line":55,"column":13}},"15":{"start":{"line":62,"column":20},"end":{"line":62,"column":78}},"16":{"start":{"line":63,"column":2},"end":{"line":66,"column":5}},"17":{"start":{"line":73,"column":2},"end":{"line":76,"column":5}},"18":{"start":{"line":83,"column":2},"end":{"line":85,"column":5}},"19":{"start":{"line":92,"column":22},"end":{"line":94,"column":4}},"20":{"start":{"line":95,"column":2},"end":{"line":95,"column":23}},"21":{"start":{"line":103,"column":20},"end":{"line":103,"column":78}},"22":{"start":{"line":105,"column":13},"end":{"line":107,"column":4}},"23":{"start":{"line":109,"column":2},"end":{"line":109,"column":23}},"24":{"start":{"line":109,"column":11},"end":{"line":109,"column":23}},"25":{"start":{"line":110,"column":2},"end":{"line":110,"column":45}},"26":{"start":{"line":110,"column":33},"end":{"line":110,"column":45}},"27":{"start":{"line":113,"column":2},"end":{"line":116,"column":5}},"28":{"start":{"line":118,"column":2},"end":{"line":118,"column":19}}},"fnMap":{"0":{"name":"signAccessToken","decl":{"start":{"line":27,"column":16},"end":{"line":27,"column":31}},"loc":{"start":{"line":27,"column":41},"end":{"line":34,"column":1}},"line":27},"1":{"name":"verifyAccessToken","decl":{"start":{"line":39,"column":16},"end":{"line":39,"column":33}},"loc":{"start":{"line":39,"column":41},"end":{"line":41,"column":1}},"line":39},"2":{"name":"createRefreshTokenForUser","decl":{"start":{"line":46,"column":22},"end":{"line":46,"column":47}},"loc":{"start":{"line":46,"column":56},"end":{"line":56,"column":1}},"line":46},"3":{"name":"revokeRefreshToken","decl":{"start":{"line":61,"column":22},"end":{"line":61,"column":40}},"loc":{"start":{"line":61,"column":51},"end":{"line":67,"column":1}},"line":61},"4":{"name":"revokeAllTokensForUser","decl":{"start":{"line":72,"column":22},"end":{"line":72,"column":44}},"loc":{"start":{"line":72,"column":53},"end":{"line":77,"column":1}},"line":72},"5":{"name":"blacklistAccessToken","decl":{"start":{"line":82,"column":22},"end":{"line":82,"column":42}},"loc":{"start":{"line":82,"column":59},"end":{"line":86,"column":1}},"line":82},"6":{"name":"isAccessTokenBlacklisted","decl":{"start":{"line":91,"column":22},"end":{"line":91,"column":46}},"loc":{"start":{"line":91,"column":52},"end":{"line":96,"column":1}},"line":91},"7":{"name":"consumeRefreshToken","decl":{"start":{"line":102,"column":22},"end":{"line":102,"column":41}},"loc":{"start":{"line":102,"column":52},"end":{"line":119,"column":1}},"line":102}},"branchMap":{"0":{"loc":{"start":{"line":10,"column":0},"end":{"line":14,"column":1}},"type":"if","locations":[{"start":{"line":10,"column":0},"end":{"line":14,"column":1}},{"start":{},"end":{}}],"line":10},"1":{"loc":{"start":{"line":16,"column":28},"end":{"line":16,"column":68}},"type":"binary-expr","locations":[{"start":{"line":16,"column":28},"end":{"line":16,"column":59}},{"start":{"line":16,"column":63},"end":{"line":16,"column":68}}],"line":16},"2":{"loc":{"start":{"line":19,"column":2},"end":{"line":19,"column":60}},"type":"binary-expr","locations":[{"start":{"line":19,"column":2},"end":{"line":19,"column":52}},{"start":{"line":19,"column":56},"end":{"line":19,"column":60}}],"line":19},"3":{"loc":{"start":{"line":109,"column":2},"end":{"line":109,"column":23}},"type":"if","locations":[{"start":{"line":109,"column":2},"end":{"line":109,"column":23}},{"start":{},"end":{}}],"line":109},"4":{"loc":{"start":{"line":110,"column":2},"end":{"line":110,"column":45}},"type":"if","locations":[{"start":{"line":110,"column":2},"end":{"line":110,"column":45}},{"start":{},"end":{}}],"line":110}},"s":{"0":1,"1":0,"2":1,"3":1,"4":1,"5":1,"6":1,"7":1,"8":1,"9":0,"10":1,"11":1,"12":1,"13":1,"14":1,"15":0,"16":0,"17":0,"18":0,"19":0,"20":0,"21":0,"22":0,"23":0,"24":0,"25":0,"26":0,"27":0,"28":0},"f":{"0":1,"1":0,"2":1,"3":0,"4":0,"5":0,"6":0,"7":0},"b":{"0":[0,1],"1":[1,0],"2":[1,0],"3":[0,0],"4":[0,0]},"meta":{"lastBranch":5,"lastFunction":8,"lastStatement":29,"seen":{"b:10:0:14:1:undefined:undefined:undefined:undefined":0,"s:10:0:14:1":0,"s:11:2:13:4":1,"s:15:19:15:41":2,"s:16:28:16:68":3,"b:16:28:16:59:16:63:16:68":1,"s:18:34:21:1":4,"b:19:2:19:52:19:56:19:60":2,"s:22:28:22:30":5,"f:27:16:27:31":0,"s:28:23:31:3":6,"s:32:18:32:52":7,"s:33:2:33:53":8,"f:39:16:39:33":1,"s:40:2:40:39":9,"f:46:22:46:47":2,"s:47:14:47:69":10,"s:48:20:48:73":11,"s:49:19:49:72":12,"s:51:2:53:5":13,"s:55:2:55:13":14,"f:61:22:61:40":3,"s:62:20:62:78":15,"s:63:2:66:5":16,"f:72:22:72:44":4,"s:73:2:76:5":17,"f:82:22:82:42":5,"s:83:2:85:5":18,"f:91:22:91:46":6,"s:92:22:94:4":19,"s:95:2:95:23":20,"f:102:22:102:41":7,"s:103:20:103:78":21,"s:105:13:107:4":22,"b:109:2:109:23:undefined:undefined:undefined:undefined":3,"s:109:2:109:23":23,"s:109:11:109:23":24,"b:110:2:110:45:undefined:undefined:undefined:undefined":4,"s:110:2:110:45":25,"s:110:33:110:45":26,"s:113:2:116:5":27,"s:118:2:118:19":28}}}
,"C:\\Users\\aN\\Desktop\\AssigAnurag\\Backend\\src\\utils\\pdf.util.js": {"path":"C:\\Users\\aN\\Desktop\\AssigAnurag\\Backend\\src\\utils\\pdf.util.js","statementMap":{"0":{"start":{"line":8,"column":34},"end":{"line":42,"column":1}},"1":{"start":{"line":9,"column":14},"end":{"line":9,"column":45}},"2":{"start":{"line":12,"column":2},"end":{"line":12,"column":null}},"3":{"start":{"line":15,"column":2},"end":{"line":15,"column":null}},"4":{"start":{"line":16,"column":2},"end":{"line":16,"column":null}},"5":{"start":{"line":19,"column":2},"end":{"line":19,"column":null}},"6":{"start":{"line":20,"column":2},"end":{"line":20,"column":null}},"7":{"start":{"line":21,"column":2},"end":{"line":21,"column":null}},"8":{"start":{"line":22,"column":2},"end":{"line":22,"column":null}},"9":{"start":{"line":23,"column":2},"end":{"line":23,"column":null}},"10":{"start":{"line":26,"column":2},"end":{"line":26,"column":null}},"11":{"start":{"line":27,"column":2},"end":{"line":29,"column":null}},"12":{"start":{"line":28,"column":4},"end":{"line":28,"column":null}},"13":{"start":{"line":30,"column":2},"end":{"line":30,"column":null}},"14":{"start":{"line":33,"column":2},"end":{"line":33,"column":null}},"15":{"start":{"line":34,"column":2},"end":{"line":36,"column":null}},"16":{"start":{"line":35,"column":4},"end":{"line":35,"column":null}},"17":{"start":{"line":39,"column":2},"end":{"line":39,"column":null}},"18":{"start":{"line":41,"column":2},"end":{"line":41,"column":null}}},"fnMap":{"0":{"name":"(anonymous_0)","decl":{"start":{"line":8,"column":34},"end":{"line":8,"column":35}},"loc":{"start":{"line":8,"column":78},"end":{"line":42,"column":1}},"line":8},"1":{"name":"(anonymous_1)","decl":{"start":{"line":27,"column":44},"end":{"line":27,"column":45}},"loc":{"start":{"line":27,"column":68},"end":{"line":29,"column":3}},"line":27},"2":{"name":"(anonymous_2)","decl":{"start":{"line":34,"column":30},"end":{"line":34,"column":31}},"loc":{"start":{"line":34,"column":42},"end":{"line":36,"column":3}},"line":34}},"branchMap":{"0":{"loc":{"start":{"line":8,"column":46},"end":{"line":8,"column":73}},"type":"default-arg","locations":[{"start":{"line":8,"column":54},"end":{"line":8,"column":73}}],"line":8}},"s":{"0":1,"1":0,"2":0,"3":0,"4":0,"5":0,"6":0,"7":0,"8":0,"9":0,"10":0,"11":0,"12":0,"13":0,"14":0,"15":0,"16":0,"17":0,"18":0},"f":{"0":0,"1":0,"2":0},"b":{"0":[0]},"meta":{"lastBranch":1,"lastFunction":3,"lastStatement":19,"seen":{"s:8:34:42:1":0,"f:8:34:8:35":0,"b:8:54:8:73":0,"s:9:14:9:45":1,"s:12:2:12:Infinity":2,"s:15:2:15:Infinity":3,"s:16:2:16:Infinity":4,"s:19:2:19:Infinity":5,"s:20:2:20:Infinity":6,"s:21:2:21:Infinity":7,"s:22:2:22:Infinity":8,"s:23:2:23:Infinity":9,"s:26:2:26:Infinity":10,"s:27:2:29:Infinity":11,"f:27:44:27:45":1,"s:28:4:28:Infinity":12,"s:30:2:30:Infinity":13,"s:33:2:33:Infinity":14,"s:34:2:36:Infinity":15,"f:34:30:34:31":2,"s:35:4:35:Infinity":16,"s:39:2:39:Infinity":17,"s:41:2:41:Infinity":18}}}
}
